mode: set
github.com/campfire-net/ready/cmd/migrate/ready-import/main.go:112.13,123.21 4 0
github.com/campfire-net/ready/cmd/migrate/ready-import/main.go:123.21,125.3 1 0
github.com/campfire-net/ready/cmd/migrate/ready-import/main.go:126.2,126.21 1 0
github.com/campfire-net/ready/cmd/migrate/ready-import/main.go:126.21,128.17 2 0
github.com/campfire-net/ready/cmd/migrate/ready-import/main.go:128.17,130.4 1 0
github.com/campfire-net/ready/cmd/migrate/ready-import/main.go:131.3,131.47 1 0
github.com/campfire-net/ready/cmd/migrate/ready-import/main.go:135.2,136.16 2 0
github.com/campfire-net/ready/cmd/migrate/ready-import/main.go:136.16,138.3 1 0
github.com/campfire-net/ready/cmd/migrate/ready-import/main.go:141.2,142.16 2 0
github.com/campfire-net/ready/cmd/migrate/ready-import/main.go:142.16,144.3 1 0
github.com/campfire-net/ready/cmd/migrate/ready-import/main.go:147.2,148.22 2 0
github.com/campfire-net/ready/cmd/migrate/ready-import/main.go:148.22,150.17 2 0
github.com/campfire-net/ready/cmd/migrate/ready-import/main.go:150.17,152.4 1 0
github.com/campfire-net/ready/cmd/migrate/ready-import/main.go:153.3,154.8 2 0
github.com/campfire-net/ready/cmd/migrate/ready-import/main.go:158.2,160.16 3 0
github.com/campfire-net/ready/cmd/migrate/ready-import/main.go:160.16,162.3 1 0
github.com/campfire-net/ready/cmd/migrate/ready-import/main.go:165.2,168.21 4 0
github.com/campfire-net/ready/cmd/migrate/ready-import/main.go:168.21,170.17 2 0
github.com/campfire-net/ready/cmd/migrate/ready-import/main.go:170.17,171.12 1 0
github.com/campfire-net/ready/cmd/migrate/ready-import/main.go:173.3,174.61 2 0
github.com/campfire-net/ready/cmd/migrate/ready-import/main.go:174.61,176.12 2 0
github.com/campfire-net/ready/cmd/migrate/ready-import/main.go:178.3,178.30 1 0
github.com/campfire-net/ready/cmd/migrate/ready-import/main.go:180.2,180.38 1 0
github.com/campfire-net/ready/cmd/migrate/ready-import/main.go:180.38,182.3 1 0
github.com/campfire-net/ready/cmd/migrate/ready-import/main.go:184.2,184.13 1 0
github.com/campfire-net/ready/cmd/migrate/ready-import/main.go:184.13,186.30 2 0
github.com/campfire-net/ready/cmd/migrate/ready-import/main.go:186.30,187.46 1 0
github.com/campfire-net/ready/cmd/migrate/ready-import/main.go:187.46,189.5 1 0
github.com/campfire-net/ready/cmd/migrate/ready-import/main.go:189.10,191.5 1 0
github.com/campfire-net/ready/cmd/migrate/ready-import/main.go:193.3,193.9 1 0
github.com/campfire-net/ready/cmd/migrate/ready-import/main.go:197.2,198.16 2 0
github.com/campfire-net/ready/cmd/migrate/ready-import/main.go:198.16,200.3 1 0
github.com/campfire-net/ready/cmd/migrate/ready-import/main.go:201.2,208.27 4 0
github.com/campfire-net/ready/cmd/migrate/ready-import/main.go:208.27,210.3 1 0
github.com/campfire-net/ready/cmd/migrate/ready-import/main.go:213.2,215.29 3 0
github.com/campfire-net/ready/cmd/migrate/ready-import/main.go:215.29,216.45 1 0
github.com/campfire-net/ready/cmd/migrate/ready-import/main.go:216.45,218.12 2 0
github.com/campfire-net/ready/cmd/migrate/ready-import/main.go:221.3,222.17 2 0
github.com/campfire-net/ready/cmd/migrate/ready-import/main.go:222.17,224.12 2 0
github.com/campfire-net/ready/cmd/migrate/ready-import/main.go:227.3,231.59 3 0
github.com/campfire-net/ready/cmd/migrate/ready-import/main.go:231.59,233.4 1 0
github.com/campfire-net/ready/cmd/migrate/ready-import/main.go:238.2,239.29 2 0
github.com/campfire-net/ready/cmd/migrate/ready-import/main.go:239.29,241.10 2 0
github.com/campfire-net/ready/cmd/migrate/ready-import/main.go:241.10,242.12 1 0
github.com/campfire-net/ready/cmd/migrate/ready-import/main.go:244.3,244.44 1 0
github.com/campfire-net/ready/cmd/migrate/ready-import/main.go:244.44,246.11 2 0
github.com/campfire-net/ready/cmd/migrate/ready-import/main.go:246.11,248.13 2 0
github.com/campfire-net/ready/cmd/migrate/ready-import/main.go:250.4,250.107 1 0
github.com/campfire-net/ready/cmd/migrate/ready-import/main.go:250.107,252.13 2 0
github.com/campfire-net/ready/cmd/migrate/ready-import/main.go:254.4,254.13 1 0
github.com/campfire-net/ready/cmd/migrate/ready-import/main.go:258.2,258.111 1 0
github.com/campfire-net/ready/cmd/migrate/ready-import/main.go:263.110,266.20 2 0
github.com/campfire-net/ready/cmd/migrate/ready-import/main.go:266.20,268.3 1 0
github.com/campfire-net/ready/cmd/migrate/ready-import/main.go:269.2,269.20 1 0
github.com/campfire-net/ready/cmd/migrate/ready-import/main.go:269.20,271.3 1 0
github.com/campfire-net/ready/cmd/migrate/ready-import/main.go:273.2,274.39 2 0
github.com/campfire-net/ready/cmd/migrate/ready-import/main.go:274.39,277.3 1 0
github.com/campfire-net/ready/cmd/migrate/ready-import/main.go:279.2,293.16 3 0
github.com/campfire-net/ready/cmd/migrate/ready-import/main.go:293.16,295.3 1 0
github.com/campfire-net/ready/cmd/migrate/ready-import/main.go:297.2,302.22 2 0
github.com/campfire-net/ready/cmd/migrate/ready-import/main.go:302.22,304.3 1 0
github.com/campfire-net/ready/cmd/migrate/ready-import/main.go:305.2,305.20 1 0
github.com/campfire-net/ready/cmd/migrate/ready-import/main.go:305.20,307.3 1 0
github.com/campfire-net/ready/cmd/migrate/ready-import/main.go:309.2,314.16 2 0
github.com/campfire-net/ready/cmd/migrate/ready-import/main.go:314.16,316.3 1 0
github.com/campfire-net/ready/cmd/migrate/ready-import/main.go:317.2,322.28 3 0
github.com/campfire-net/ready/cmd/migrate/ready-import/main.go:322.28,328.17 3 0
github.com/campfire-net/ready/cmd/migrate/ready-import/main.go:328.17,330.4 1 0
github.com/campfire-net/ready/cmd/migrate/ready-import/main.go:331.3,339.17 4 0
github.com/campfire-net/ready/cmd/migrate/ready-import/main.go:339.17,341.4 1 0
github.com/campfire-net/ready/cmd/migrate/ready-import/main.go:342.3,342.93 1 0
github.com/campfire-net/ready/cmd/migrate/ready-import/main.go:346.2,347.21 2 0
github.com/campfire-net/ready/cmd/migrate/ready-import/main.go:348.37,354.47 2 0
github.com/campfire-net/ready/cmd/migrate/ready-import/main.go:354.47,356.66 2 0
github.com/campfire-net/ready/cmd/migrate/ready-import/main.go:356.66,358.10 2 0
github.com/campfire-net/ready/cmd/migrate/ready-import/main.go:361.3,362.17 2 0
github.com/campfire-net/ready/cmd/migrate/ready-import/main.go:362.17,364.4 1 0
github.com/campfire-net/ready/cmd/migrate/ready-import/main.go:365.3,373.17 4 0
github.com/campfire-net/ready/cmd/migrate/ready-import/main.go:373.17,375.4 1 0
github.com/campfire-net/ready/cmd/migrate/ready-import/main.go:376.3,376.93 1 0
github.com/campfire-net/ready/cmd/migrate/ready-import/main.go:379.2,379.26 1 0
github.com/campfire-net/ready/cmd/migrate/ready-import/main.go:383.134,391.16 3 0
github.com/campfire-net/ready/cmd/migrate/ready-import/main.go:391.16,393.3 1 0
github.com/campfire-net/ready/cmd/migrate/ready-import/main.go:394.2,402.16 4 0
github.com/campfire-net/ready/cmd/migrate/ready-import/main.go:402.16,404.3 1 0
github.com/campfire-net/ready/cmd/migrate/ready-import/main.go:405.2,406.12 2 0
github.com/campfire-net/ready/cmd/migrate/ready-import/main.go:412.66,414.25 2 0
github.com/campfire-net/ready/cmd/migrate/ready-import/main.go:414.25,422.3 1 0
github.com/campfire-net/ready/cmd/migrate/ready-import/main.go:423.2,423.15 1 0
github.com/campfire-net/ready/cmd/migrate/ready-import/main.go:428.37,429.28 1 0
github.com/campfire-net/ready/cmd/migrate/ready-import/main.go:430.92,431.28 1 0
github.com/campfire-net/ready/cmd/migrate/ready-import/main.go:432.10,433.16 1 0
github.com/campfire-net/ready/cmd/migrate/ready-import/main.go:439.57,441.21 2 0
github.com/campfire-net/ready/cmd/migrate/ready-import/main.go:441.21,442.73 1 0
github.com/campfire-net/ready/cmd/migrate/ready-import/main.go:442.73,444.4 1 0
github.com/campfire-net/ready/cmd/migrate/ready-import/main.go:446.2,446.35 1 0
github.com/campfire-net/ready/cmd/migrate/ready-import/main.go:447.12,448.38 1 0
github.com/campfire-net/ready/cmd/migrate/ready-import/main.go:449.12,450.57 1 0
github.com/campfire-net/ready/cmd/migrate/ready-import/main.go:451.12,452.58 1 0
github.com/campfire-net/ready/cmd/migrate/ready-import/main.go:453.10,454.58 1 0
github.com/campfire-net/ready/cmd/migrate/ready-import/main.go:459.51,462.16 3 0
github.com/campfire-net/ready/cmd/migrate/ready-import/main.go:462.16,464.3 1 0
github.com/campfire-net/ready/cmd/migrate/ready-import/main.go:465.2,466.19 2 0
github.com/campfire-net/ready/cmd/migrate/ready-import/main.go:466.19,468.3 1 0
github.com/campfire-net/ready/cmd/migrate/ready-import/main.go:469.2,469.16 1 0
github.com/campfire-net/ready/cmd/migrate/ready-import/main.go:473.63,476.24 3 0
github.com/campfire-net/ready/cmd/migrate/ready-import/main.go:476.24,478.3 1 0
github.com/campfire-net/ready/cmd/migrate/ready-import/main.go:479.2,479.16 1 0
github.com/campfire-net/ready/cmd/migrate/ready-import/main.go:479.16,481.3 1 0
github.com/campfire-net/ready/cmd/migrate/ready-import/main.go:482.2,482.49 1 0
github.com/campfire-net/ready/cmd/migrate/ready-import/main.go:482.49,484.3 1 0
github.com/campfire-net/ready/cmd/migrate/ready-import/main.go:485.2,485.29 1 0
github.com/campfire-net/ready/cmd/migrate/ready-import/main.go:485.29,487.3 1 0
github.com/campfire-net/ready/cmd/migrate/ready-import/main.go:488.2,488.16 1 0
github.com/campfire-net/ready/cmd/migrate/ready-import/main.go:492.64,493.62 1 0
github.com/campfire-net/ready/cmd/migrate/ready-import/main.go:493.62,495.3 1 0
github.com/campfire-net/ready/cmd/migrate/ready-import/main.go:496.2,497.16 2 0
github.com/campfire-net/ready/cmd/migrate/ready-import/main.go:497.16,499.3 1 0
github.com/campfire-net/ready/cmd/migrate/ready-import/main.go:500.2,500.39 1 0
github.com/campfire-net/ready/cmd/migrate/ready-import/main.go:505.117,507.25 2 0
github.com/campfire-net/ready/cmd/migrate/ready-import/main.go:507.25,508.66 1 0
github.com/campfire-net/ready/cmd/migrate/ready-import/main.go:508.66,510.9 2 0
github.com/campfire-net/ready/cmd/migrate/ready-import/main.go:513.2,523.39 2 0
github.com/campfire-net/ready/cmd/migrate/ready-import/main.go:523.39,525.3 1 0
github.com/campfire-net/ready/cmd/migrate/ready-import/main.go:529.28,533.2 3 0
github.com/campfire-net/ready/cmd/migrate/ready-import/main.go:535.41,538.2 2 0
github.com/campfire-net/ready/cmd/migrate/rudi-export/main.go:58.13,67.20 3 0
github.com/campfire-net/ready/cmd/migrate/rudi-export/main.go:67.20,71.3 3 0
github.com/campfire-net/ready/cmd/migrate/rudi-export/main.go:74.2,75.15 2 0
github.com/campfire-net/ready/cmd/migrate/rudi-export/main.go:75.15,77.3 1 0
github.com/campfire-net/ready/cmd/migrate/rudi-export/main.go:78.2,78.15 1 0
github.com/campfire-net/ready/cmd/migrate/rudi-export/main.go:78.15,81.3 1 0
github.com/campfire-net/ready/cmd/migrate/rudi-export/main.go:82.2,82.15 1 0
github.com/campfire-net/ready/cmd/migrate/rudi-export/main.go:82.15,85.3 2 0
github.com/campfire-net/ready/cmd/migrate/rudi-export/main.go:88.2,89.19 2 0
github.com/campfire-net/ready/cmd/migrate/rudi-export/main.go:89.19,91.17 2 0
github.com/campfire-net/ready/cmd/migrate/rudi-export/main.go:91.17,94.4 2 0
github.com/campfire-net/ready/cmd/migrate/rudi-export/main.go:95.3,96.8 2 0
github.com/campfire-net/ready/cmd/migrate/rudi-export/main.go:99.2,106.16 6 0
github.com/campfire-net/ready/cmd/migrate/rudi-export/main.go:106.16,109.3 2 0
github.com/campfire-net/ready/cmd/migrate/rudi-export/main.go:111.2,111.82 1 0
github.com/campfire-net/ready/cmd/migrate/rudi-export/main.go:116.92,124.6 6 0
github.com/campfire-net/ready/cmd/migrate/rudi-export/main.go:124.6,126.17 2 0
github.com/campfire-net/ready/cmd/migrate/rudi-export/main.go:126.17,128.4 1 0
github.com/campfire-net/ready/cmd/migrate/rudi-export/main.go:130.3,130.30 1 0
github.com/campfire-net/ready/cmd/migrate/rudi-export/main.go:130.30,131.43 1 0
github.com/campfire-net/ready/cmd/migrate/rudi-export/main.go:131.43,133.5 1 0
github.com/campfire-net/ready/cmd/migrate/rudi-export/main.go:134.4,134.11 1 0
github.com/campfire-net/ready/cmd/migrate/rudi-export/main.go:137.3,137.28 1 0
github.com/campfire-net/ready/cmd/migrate/rudi-export/main.go:137.28,138.9 1 0
github.com/campfire-net/ready/cmd/migrate/rudi-export/main.go:140.3,140.21 1 0
github.com/campfire-net/ready/cmd/migrate/rudi-export/main.go:143.2,143.19 1 0
github.com/campfire-net/ready/cmd/migrate/rudi-export/main.go:147.129,152.16 2 0
github.com/campfire-net/ready/cmd/migrate/rudi-export/main.go:152.16,154.3 1 0
github.com/campfire-net/ready/cmd/migrate/rudi-export/main.go:156.2,158.16 3 0
github.com/campfire-net/ready/cmd/migrate/rudi-export/main.go:158.16,160.3 1 0
github.com/campfire-net/ready/cmd/migrate/rudi-export/main.go:161.2,165.16 4 0
github.com/campfire-net/ready/cmd/migrate/rudi-export/main.go:165.16,167.3 1 0
github.com/campfire-net/ready/cmd/migrate/rudi-export/main.go:168.2,170.48 2 0
github.com/campfire-net/ready/cmd/migrate/rudi-export/main.go:170.48,172.3 1 0
github.com/campfire-net/ready/cmd/migrate/rudi-export/main.go:173.2,173.38 1 0
github.com/campfire-net/ready/cmd/migrate/rudi-export/main.go:173.38,176.3 2 0
github.com/campfire-net/ready/cmd/migrate/rudi-export/main.go:178.2,179.66 2 0
github.com/campfire-net/ready/cmd/migrate/rudi-export/main.go:179.66,181.3 1 0
github.com/campfire-net/ready/cmd/migrate/rudi-export/main.go:182.2,182.19 1 0
github.com/campfire-net/ready/cmd/migrate/rudi-export/main.go:187.45,189.16 2 0
github.com/campfire-net/ready/cmd/migrate/rudi-export/main.go:189.16,191.3 1 0
github.com/campfire-net/ready/cmd/migrate/rudi-export/main.go:192.2,193.16 2 0
github.com/campfire-net/ready/cmd/migrate/rudi-export/main.go:193.16,195.3 1 0
github.com/campfire-net/ready/cmd/migrate/rudi-export/main.go:197.2,198.16 2 0
github.com/campfire-net/ready/cmd/migrate/rudi-export/main.go:198.16,200.3 1 0
github.com/campfire-net/ready/cmd/migrate/rudi-export/main.go:201.2,203.16 3 0
github.com/campfire-net/ready/cmd/migrate/rudi-export/main.go:203.16,205.3 1 0
github.com/campfire-net/ready/cmd/migrate/rudi-export/main.go:207.2,211.54 2 0
github.com/campfire-net/ready/cmd/migrate/rudi-export/main.go:211.54,213.3 1 0
github.com/campfire-net/ready/cmd/migrate/rudi-export/main.go:216.2,216.41 1 0
github.com/campfire-net/ready/cmd/migrate/rudi-export/main.go:216.41,219.3 1 0
github.com/campfire-net/ready/cmd/migrate/rudi-export/main.go:221.2,221.27 1 0
github.com/campfire-net/ready/pkg/timeparse/timeparse.go:20.56,22.16 2 1
github.com/campfire-net/ready/pkg/timeparse/timeparse.go:22.16,24.3 1 1
github.com/campfire-net/ready/pkg/timeparse/timeparse.go:27.2,27.58 1 1
github.com/campfire-net/ready/pkg/timeparse/timeparse.go:27.58,29.3 1 1
github.com/campfire-net/ready/pkg/timeparse/timeparse.go:32.2,32.31 1 1
github.com/campfire-net/ready/pkg/timeparse/timeparse.go:33.18,36.37 3 1
github.com/campfire-net/ready/pkg/timeparse/timeparse.go:37.19,41.27 3 1
github.com/campfire-net/ready/pkg/timeparse/timeparse.go:41.27,43.4 1 1
github.com/campfire-net/ready/pkg/timeparse/timeparse.go:44.3,46.37 3 1
github.com/campfire-net/ready/pkg/timeparse/timeparse.go:50.2,50.58 1 1
github.com/campfire-net/ready/pkg/timeparse/timeparse.go:50.58,53.3 2 1
github.com/campfire-net/ready/pkg/timeparse/timeparse.go:56.2,57.35 2 1
github.com/campfire-net/ready/pkg/timeparse/timeparse.go:57.35,60.17 3 1
github.com/campfire-net/ready/pkg/timeparse/timeparse.go:60.17,62.4 1 1
github.com/campfire-net/ready/pkg/timeparse/timeparse.go:63.3,63.12 1 1
github.com/campfire-net/ready/pkg/timeparse/timeparse.go:63.12,65.4 1 1
github.com/campfire-net/ready/pkg/timeparse/timeparse.go:66.3,67.37 2 1
github.com/campfire-net/ready/pkg/timeparse/timeparse.go:69.2,69.35 1 1
github.com/campfire-net/ready/pkg/timeparse/timeparse.go:69.35,72.17 3 1
github.com/campfire-net/ready/pkg/timeparse/timeparse.go:72.17,74.4 1 1
github.com/campfire-net/ready/pkg/timeparse/timeparse.go:75.3,75.12 1 1
github.com/campfire-net/ready/pkg/timeparse/timeparse.go:75.12,77.4 1 1
github.com/campfire-net/ready/pkg/timeparse/timeparse.go:78.3,79.37 2 1
github.com/campfire-net/ready/pkg/timeparse/timeparse.go:82.2,82.117 1 1
github.com/campfire-net/ready/pkg/captoken/captoken.go:47.48,49.2 1 1
github.com/campfire-net/ready/pkg/captoken/captoken.go:53.69,54.44 1 1
github.com/campfire-net/ready/pkg/captoken/captoken.go:54.44,56.3 1 0
github.com/campfire-net/ready/pkg/captoken/captoken.go:58.2,59.16 2 1
github.com/campfire-net/ready/pkg/captoken/captoken.go:59.16,61.3 1 0
github.com/campfire-net/ready/pkg/captoken/captoken.go:63.2,64.48 2 1
github.com/campfire-net/ready/pkg/captoken/captoken.go:75.125,78.16 2 1
github.com/campfire-net/ready/pkg/captoken/captoken.go:78.16,84.3 1 0
github.com/campfire-net/ready/pkg/captoken/captoken.go:86.2,86.44 1 1
github.com/campfire-net/ready/pkg/captoken/captoken.go:86.44,92.3 1 0
github.com/campfire-net/ready/pkg/captoken/captoken.go:94.2,94.48 1 1
github.com/campfire-net/ready/pkg/captoken/captoken.go:94.48,100.3 1 0
github.com/campfire-net/ready/pkg/captoken/captoken.go:102.2,103.16 2 1
github.com/campfire-net/ready/pkg/captoken/captoken.go:103.16,109.3 1 0
github.com/campfire-net/ready/pkg/captoken/captoken.go:111.2,111.51 1 1
github.com/campfire-net/ready/pkg/captoken/captoken.go:111.51,117.3 1 1
github.com/campfire-net/ready/pkg/captoken/captoken.go:120.2,121.24 2 1
github.com/campfire-net/ready/pkg/captoken/captoken.go:121.24,127.3 1 1
github.com/campfire-net/ready/pkg/captoken/captoken.go:130.2,130.50 1 1
github.com/campfire-net/ready/pkg/captoken/captoken.go:130.50,136.3 1 1
github.com/campfire-net/ready/pkg/captoken/captoken.go:139.2,139.34 1 1
github.com/campfire-net/ready/pkg/captoken/captoken.go:139.34,145.3 1 1
github.com/campfire-net/ready/pkg/captoken/captoken.go:147.2,151.3 1 1
github.com/campfire-net/ready/pkg/captoken/captoken.go:155.66,156.32 1 1
github.com/campfire-net/ready/pkg/captoken/captoken.go:156.32,157.19 1 1
github.com/campfire-net/ready/pkg/captoken/captoken.go:157.19,159.4 1 1
github.com/campfire-net/ready/pkg/captoken/captoken.go:161.2,161.14 1 1
github.com/campfire-net/ready/pkg/captoken/captoken.go:169.52,170.19 1 1
github.com/campfire-net/ready/pkg/captoken/captoken.go:171.50,172.24 1 1
github.com/campfire-net/ready/pkg/captoken/captoken.go:173.37,174.24 1 1
github.com/campfire-net/ready/pkg/captoken/captoken.go:175.27,176.23 1 1
github.com/campfire-net/ready/pkg/captoken/captoken.go:177.10,178.24 1 1
github.com/campfire-net/ready/pkg/captoken/captoken.go:184.93,189.26 4 1
github.com/campfire-net/ready/pkg/captoken/captoken.go:189.26,191.3 1 0
github.com/campfire-net/ready/pkg/captoken/captoken.go:192.2,202.3 2 1
github.com/campfire-net/ready/pkg/captoken/captoken.go:206.31,210.2 3 1
github.com/campfire-net/ready/pkg/grant/joingrant.go:48.52,50.2 1 1
github.com/campfire-net/ready/pkg/grant/joingrant.go:54.79,55.50 1 1
github.com/campfire-net/ready/pkg/grant/joingrant.go:55.50,57.3 1 0
github.com/campfire-net/ready/pkg/grant/joingrant.go:59.2,60.16 2 1
github.com/campfire-net/ready/pkg/grant/joingrant.go:60.16,62.3 1 0
github.com/campfire-net/ready/pkg/grant/joingrant.go:64.2,65.48 2 1
github.com/campfire-net/ready/pkg/grant/joingrant.go:78.87,81.16 2 1
github.com/campfire-net/ready/pkg/grant/joingrant.go:81.16,87.3 1 0
github.com/campfire-net/ready/pkg/grant/joingrant.go:89.2,89.44 1 1
github.com/campfire-net/ready/pkg/grant/joingrant.go:89.44,95.3 1 0
github.com/campfire-net/ready/pkg/grant/joingrant.go:97.2,97.48 1 1
github.com/campfire-net/ready/pkg/grant/joingrant.go:97.48,103.3 1 0
github.com/campfire-net/ready/pkg/grant/joingrant.go:105.2,106.16 2 1
github.com/campfire-net/ready/pkg/grant/joingrant.go:106.16,112.3 1 0
github.com/campfire-net/ready/pkg/grant/joingrant.go:114.2,114.51 1 1
github.com/campfire-net/ready/pkg/grant/joingrant.go:114.51,120.3 1 1
github.com/campfire-net/ready/pkg/grant/joingrant.go:123.2,124.24 2 1
github.com/campfire-net/ready/pkg/grant/joingrant.go:124.24,130.3 1 1
github.com/campfire-net/ready/pkg/grant/joingrant.go:132.2,136.3 1 1
github.com/campfire-net/ready/pkg/grant/joingrant.go:143.111,144.19 1 1
github.com/campfire-net/ready/pkg/grant/joingrant.go:144.19,146.3 1 1
github.com/campfire-net/ready/pkg/grant/joingrant.go:147.2,147.22 1 1
github.com/campfire-net/ready/pkg/grant/joingrant.go:147.22,149.3 1 1
github.com/campfire-net/ready/pkg/grant/joingrant.go:150.2,150.16 1 1
github.com/campfire-net/ready/pkg/grant/joingrant.go:150.16,152.3 1 1
github.com/campfire-net/ready/pkg/grant/joingrant.go:153.2,153.24 1 1
github.com/campfire-net/ready/pkg/grant/joingrant.go:153.24,155.3 1 1
github.com/campfire-net/ready/pkg/grant/joingrant.go:156.2,156.17 1 1
github.com/campfire-net/ready/pkg/grant/joingrant.go:156.17,158.3 1 1
github.com/campfire-net/ready/pkg/grant/joingrant.go:159.2,159.14 1 1
github.com/campfire-net/ready/pkg/grant/joingrant.go:159.14,161.3 1 1
github.com/campfire-net/ready/pkg/grant/joingrant.go:162.2,172.8 2 1
github.com/campfire-net/ready/pkg/grant/joingrant.go:176.35,180.2 3 1
github.com/campfire-net/ready/pkg/playbook/expand.go:38.104,39.19 1 1
github.com/campfire-net/ready/pkg/playbook/expand.go:39.19,41.3 1 1
github.com/campfire-net/ready/pkg/playbook/expand.go:44.2,45.25 2 1
github.com/campfire-net/ready/pkg/playbook/expand.go:45.25,47.17 2 1
github.com/campfire-net/ready/pkg/playbook/expand.go:47.17,49.4 1 0
github.com/campfire-net/ready/pkg/playbook/expand.go:50.3,50.14 1 1
github.com/campfire-net/ready/pkg/playbook/expand.go:54.2,55.31 2 1
github.com/campfire-net/ready/pkg/playbook/expand.go:55.31,58.36 2 1
github.com/campfire-net/ready/pkg/playbook/expand.go:58.36,60.4 1 1
github.com/campfire-net/ready/pkg/playbook/expand.go:62.3,71.4 1 1
github.com/campfire-net/ready/pkg/playbook/expand.go:74.2,74.22 1 1
github.com/campfire-net/ready/pkg/playbook/expand.go:79.58,80.20 1 1
github.com/campfire-net/ready/pkg/playbook/expand.go:80.20,82.3 1 1
github.com/campfire-net/ready/pkg/playbook/expand.go:83.2,83.70 1 1
github.com/campfire-net/ready/pkg/playbook/expand.go:83.70,86.32 2 1
github.com/campfire-net/ready/pkg/playbook/expand.go:86.32,88.4 1 1
github.com/campfire-net/ready/pkg/playbook/expand.go:89.3,89.15 1 0
github.com/campfire-net/ready/pkg/playbook/expand.go:96.53,97.15 1 1
github.com/campfire-net/ready/pkg/playbook/expand.go:97.15,99.41 2 1
github.com/campfire-net/ready/pkg/playbook/expand.go:99.41,101.4 1 0
github.com/campfire-net/ready/pkg/playbook/expand.go:102.3,104.36 3 1
github.com/campfire-net/ready/pkg/playbook/expand.go:104.36,106.4 1 1
github.com/campfire-net/ready/pkg/playbook/expand.go:108.2,108.102 1 0
github.com/campfire-net/ready/pkg/playbook/template.go:41.88,42.40 1 1
github.com/campfire-net/ready/pkg/playbook/template.go:42.40,44.3 1 1
github.com/campfire-net/ready/pkg/playbook/template.go:45.2,45.36 1 1
github.com/campfire-net/ready/pkg/playbook/template.go:45.36,47.3 1 1
github.com/campfire-net/ready/pkg/playbook/template.go:49.2,50.58 2 1
github.com/campfire-net/ready/pkg/playbook/template.go:50.58,52.3 1 1
github.com/campfire-net/ready/pkg/playbook/template.go:53.2,53.21 1 1
github.com/campfire-net/ready/pkg/playbook/template.go:53.21,55.3 1 1
github.com/campfire-net/ready/pkg/playbook/template.go:57.2,63.37 2 1
github.com/campfire-net/ready/pkg/playbook/template.go:63.37,65.3 1 1
github.com/campfire-net/ready/pkg/playbook/template.go:66.2,66.15 1 1
github.com/campfire-net/ready/pkg/playbook/template.go:72.56,74.49 2 1
github.com/campfire-net/ready/pkg/playbook/template.go:74.49,76.3 1 0
github.com/campfire-net/ready/pkg/playbook/template.go:77.2,77.37 1 1
github.com/campfire-net/ready/pkg/playbook/template.go:77.37,79.3 1 0
github.com/campfire-net/ready/pkg/playbook/template.go:80.2,80.16 1 1
github.com/campfire-net/ready/pkg/playbook/template.go:84.45,85.42 1 1
github.com/campfire-net/ready/pkg/playbook/template.go:85.42,87.3 1 0
github.com/campfire-net/ready/pkg/playbook/template.go:88.2,88.38 1 1
github.com/campfire-net/ready/pkg/playbook/template.go:88.38,90.3 1 0
github.com/campfire-net/ready/pkg/playbook/template.go:91.2,91.23 1 1
github.com/campfire-net/ready/pkg/playbook/template.go:91.23,93.3 1 0
github.com/campfire-net/ready/pkg/playbook/template.go:95.2,102.31 4 1
github.com/campfire-net/ready/pkg/playbook/template.go:102.31,103.42 1 1
github.com/campfire-net/ready/pkg/playbook/template.go:103.42,105.4 1 0
github.com/campfire-net/ready/pkg/playbook/template.go:106.3,106.29 1 1
github.com/campfire-net/ready/pkg/playbook/template.go:106.29,108.4 1 1
github.com/campfire-net/ready/pkg/playbook/template.go:109.3,109.31 1 1
github.com/campfire-net/ready/pkg/playbook/template.go:109.31,111.4 1 0
github.com/campfire-net/ready/pkg/playbook/template.go:112.3,112.38 1 1
github.com/campfire-net/ready/pkg/playbook/template.go:112.38,114.4 1 1
github.com/campfire-net/ready/pkg/playbook/template.go:115.3,115.33 1 1
github.com/campfire-net/ready/pkg/playbook/template.go:115.33,116.38 1 1
github.com/campfire-net/ready/pkg/playbook/template.go:116.38,118.5 1 1
github.com/campfire-net/ready/pkg/playbook/template.go:119.4,119.16 1 1
github.com/campfire-net/ready/pkg/playbook/template.go:119.16,121.5 1 1
github.com/campfire-net/ready/pkg/playbook/template.go:126.2,126.46 1 1
github.com/campfire-net/ready/pkg/playbook/template.go:126.46,128.3 1 1
github.com/campfire-net/ready/pkg/playbook/template.go:130.2,130.12 1 1
github.com/campfire-net/ready/pkg/playbook/template.go:134.47,139.26 3 1
github.com/campfire-net/ready/pkg/playbook/template.go:139.26,140.20 1 1
github.com/campfire-net/ready/pkg/playbook/template.go:140.20,142.4 1 1
github.com/campfire-net/ready/pkg/playbook/template.go:143.3,143.20 1 1
github.com/campfire-net/ready/pkg/playbook/template.go:143.20,145.4 1 1
github.com/campfire-net/ready/pkg/playbook/template.go:146.3,147.37 2 1
github.com/campfire-net/ready/pkg/playbook/template.go:147.37,148.35 1 1
github.com/campfire-net/ready/pkg/playbook/template.go:148.35,150.5 1 1
github.com/campfire-net/ready/pkg/playbook/template.go:152.3,153.13 2 1
github.com/campfire-net/ready/pkg/playbook/template.go:156.2,156.23 1 1
github.com/campfire-net/ready/pkg/playbook/template.go:156.23,157.32 1 1
github.com/campfire-net/ready/pkg/playbook/template.go:157.32,159.4 1 1
github.com/campfire-net/ready/pkg/playbook/template.go:161.2,161.12 1 1
github.com/campfire-net/ready/pkg/playbook/template.go:165.56,167.2 1 1
github.com/campfire-net/ready/pkg/durability/parse.go:25.58,27.2 1 0
github.com/campfire-net/ready/pkg/durability/parse.go:30.75,37.27 5 1
github.com/campfire-net/ready/pkg/durability/parse.go:37.27,38.45 1 1
github.com/campfire-net/ready/pkg/durability/parse.go:38.45,39.12 1 1
github.com/campfire-net/ready/pkg/durability/parse.go:41.3,42.10 2 1
github.com/campfire-net/ready/pkg/durability/parse.go:43.44,44.40 1 1
github.com/campfire-net/ready/pkg/durability/parse.go:45.46,46.46 1 1
github.com/campfire-net/ready/pkg/durability/parse.go:47.11,48.62 1 1
github.com/campfire-net/ready/pkg/durability/parse.go:53.2,53.25 1 1
github.com/campfire-net/ready/pkg/durability/parse.go:53.25,57.3 3 1
github.com/campfire-net/ready/pkg/durability/parse.go:60.2,60.26 1 1
github.com/campfire-net/ready/pkg/durability/parse.go:60.26,63.17 3 1
github.com/campfire-net/ready/pkg/durability/parse.go:63.17,67.4 3 1
github.com/campfire-net/ready/pkg/durability/parse.go:68.3,69.17 2 1
github.com/campfire-net/ready/pkg/durability/parse.go:69.17,71.4 1 1
github.com/campfire-net/ready/pkg/durability/parse.go:75.2,75.28 1 1
github.com/campfire-net/ready/pkg/durability/parse.go:75.28,79.3 3 1
github.com/campfire-net/ready/pkg/durability/parse.go:82.2,82.29 1 1
github.com/campfire-net/ready/pkg/durability/parse.go:82.29,85.17 3 1
github.com/campfire-net/ready/pkg/durability/parse.go:85.17,89.4 3 1
github.com/campfire-net/ready/pkg/durability/parse.go:90.3,92.17 3 1
github.com/campfire-net/ready/pkg/durability/parse.go:92.17,94.4 1 1
github.com/campfire-net/ready/pkg/durability/parse.go:98.2,98.44 1 1
github.com/campfire-net/ready/pkg/durability/parse.go:98.44,100.3 1 1
github.com/campfire-net/ready/pkg/durability/parse.go:102.2,102.15 1 1
github.com/campfire-net/ready/pkg/durability/parse.go:107.80,108.14 1 1
github.com/campfire-net/ready/pkg/durability/parse.go:108.14,110.3 1 1
github.com/campfire-net/ready/pkg/durability/parse.go:113.2,113.31 1 1
github.com/campfire-net/ready/pkg/durability/parse.go:113.31,115.3 1 1
github.com/campfire-net/ready/pkg/durability/parse.go:118.2,118.17 1 1
github.com/campfire-net/ready/pkg/durability/parse.go:118.17,120.3 1 0
github.com/campfire-net/ready/pkg/durability/parse.go:122.2,124.23 3 1
github.com/campfire-net/ready/pkg/durability/parse.go:124.23,126.34 1 1
github.com/campfire-net/ready/pkg/durability/parse.go:126.34,128.4 1 0
github.com/campfire-net/ready/pkg/durability/parse.go:129.3,129.101 1 1
github.com/campfire-net/ready/pkg/durability/parse.go:132.2,133.20 2 1
github.com/campfire-net/ready/pkg/durability/parse.go:133.20,135.3 1 0
github.com/campfire-net/ready/pkg/durability/parse.go:138.2,138.37 1 1
github.com/campfire-net/ready/pkg/durability/parse.go:138.37,140.3 1 1
github.com/campfire-net/ready/pkg/durability/parse.go:142.2,142.17 1 1
github.com/campfire-net/ready/pkg/durability/parse.go:142.17,144.3 1 1
github.com/campfire-net/ready/pkg/durability/parse.go:147.2,147.25 1 1
github.com/campfire-net/ready/pkg/durability/parse.go:147.25,148.26 1 1
github.com/campfire-net/ready/pkg/durability/parse.go:148.26,150.4 1 0
github.com/campfire-net/ready/pkg/durability/parse.go:154.2,154.19 1 1
github.com/campfire-net/ready/pkg/durability/parse.go:154.19,156.3 1 1
github.com/campfire-net/ready/pkg/durability/parse.go:159.2,160.25 2 1
github.com/campfire-net/ready/pkg/durability/parse.go:160.25,162.3 1 1
github.com/campfire-net/ready/pkg/durability/parse.go:165.2,166.14 2 1
github.com/campfire-net/ready/pkg/durability/parse.go:167.11,168.19 1 1
github.com/campfire-net/ready/pkg/durability/parse.go:169.11,170.18 1 1
github.com/campfire-net/ready/pkg/durability/parse.go:171.11,172.16 1 1
github.com/campfire-net/ready/pkg/durability/parse.go:173.11,174.11 1 1
github.com/campfire-net/ready/pkg/durability/parse.go:177.2,177.18 1 1
github.com/campfire-net/ready/pkg/durability/parse.go:177.18,180.3 2 1
github.com/campfire-net/ready/pkg/durability/parse.go:182.2,182.19 1 1
github.com/campfire-net/ready/pkg/durability/parse.go:187.96,188.9 1 1
github.com/campfire-net/ready/pkg/durability/parse.go:189.25,190.35 1 1
github.com/campfire-net/ready/pkg/durability/parse.go:192.42,194.20 2 1
github.com/campfire-net/ready/pkg/durability/parse.go:194.20,196.4 1 1
github.com/campfire-net/ready/pkg/durability/parse.go:198.3,198.21 1 1
github.com/campfire-net/ready/pkg/durability/parse.go:198.21,200.4 1 1
github.com/campfire-net/ready/pkg/durability/parse.go:202.3,203.22 2 1
github.com/campfire-net/ready/pkg/durability/parse.go:203.22,205.4 1 0
github.com/campfire-net/ready/pkg/durability/parse.go:206.3,206.39 1 1
github.com/campfire-net/ready/pkg/durability/parse.go:208.40,211.22 3 1
github.com/campfire-net/ready/pkg/durability/parse.go:211.22,213.4 1 1
github.com/campfire-net/ready/pkg/durability/parse.go:214.3,215.20 2 1
github.com/campfire-net/ready/pkg/durability/parse.go:215.20,217.4 1 1
github.com/campfire-net/ready/pkg/durability/parse.go:218.3,218.39 1 1
github.com/campfire-net/ready/pkg/durability/parse.go:220.10,223.45 2 1
github.com/campfire-net/ready/pkg/durability/parse.go:223.45,225.4 1 0
github.com/campfire-net/ready/pkg/durability/parse.go:226.3,226.152 1 1
github.com/campfire-net/ready/pkg/durability/parse.go:232.72,233.17 1 1
github.com/campfire-net/ready/pkg/durability/parse.go:233.17,235.3 1 0
github.com/campfire-net/ready/pkg/durability/parse.go:237.2,237.31 1 1
github.com/campfire-net/ready/pkg/durability/parse.go:237.31,239.3 1 0
github.com/campfire-net/ready/pkg/durability/parse.go:241.2,243.20 3 1
github.com/campfire-net/ready/pkg/durability/parse.go:243.20,245.3 1 0
github.com/campfire-net/ready/pkg/durability/parse.go:247.2,248.20 2 1
github.com/campfire-net/ready/pkg/durability/parse.go:248.20,250.3 1 0
github.com/campfire-net/ready/pkg/durability/parse.go:251.2,251.17 1 1
github.com/campfire-net/ready/pkg/durability/parse.go:251.17,253.3 1 0
github.com/campfire-net/ready/pkg/durability/parse.go:254.2,254.37 1 1
github.com/campfire-net/ready/pkg/durability/parse.go:254.37,256.3 1 0
github.com/campfire-net/ready/pkg/durability/parse.go:257.2,257.19 1 1
github.com/campfire-net/ready/pkg/durability/parse.go:257.19,259.3 1 0
github.com/campfire-net/ready/pkg/durability/parse.go:260.2,260.25 1 1
github.com/campfire-net/ready/pkg/durability/parse.go:260.25,261.26 1 1
github.com/campfire-net/ready/pkg/durability/parse.go:261.26,263.4 1 0
github.com/campfire-net/ready/pkg/durability/parse.go:264.3,264.24 1 1
github.com/campfire-net/ready/pkg/durability/parse.go:267.2,267.18 1 1
github.com/campfire-net/ready/pkg/durability/trust.go:36.90,40.25 2 1
github.com/campfire-net/ready/pkg/durability/trust.go:41.24,42.29 1 1
github.com/campfire-net/ready/pkg/durability/trust.go:43.26,44.31 1 1
github.com/campfire-net/ready/pkg/durability/trust.go:45.23,46.28 1 1
github.com/campfire-net/ready/pkg/durability/trust.go:47.26,48.32 1 1
github.com/campfire-net/ready/pkg/durability/trust.go:49.10,52.80 2 1
github.com/campfire-net/ready/pkg/durability/trust.go:59.2,68.44 5 1
github.com/campfire-net/ready/pkg/durability/trust.go:68.44,73.3 3 1
github.com/campfire-net/ready/pkg/durability/trust.go:75.2,75.63 1 1
github.com/campfire-net/ready/pkg/durability/trust.go:75.63,78.3 1 1
github.com/campfire-net/ready/pkg/durability/trust.go:80.2,80.64 1 1
github.com/campfire-net/ready/pkg/durability/trust.go:80.64,83.3 1 1
github.com/campfire-net/ready/pkg/durability/trust.go:85.2,85.45 1 1
github.com/campfire-net/ready/pkg/durability/trust.go:85.45,88.3 1 1
github.com/campfire-net/ready/pkg/durability/trust.go:90.2,90.78 1 1
github.com/campfire-net/ready/pkg/durability/trust.go:90.78,92.41 1 1
github.com/campfire-net/ready/pkg/durability/trust.go:92.41,93.98 1 1
github.com/campfire-net/ready/pkg/durability/trust.go:93.98,96.5 1 1
github.com/campfire-net/ready/pkg/durability/trust.go:100.2,100.19 1 1
github.com/campfire-net/ready/pkg/views/views.go:30.46,31.18 1 1
github.com/campfire-net/ready/pkg/views/views.go:32.17,33.23 1 1
github.com/campfire-net/ready/pkg/views/views.go:34.16,35.22 1 1
github.com/campfire-net/ready/pkg/views/views.go:36.19,37.25 1 1
github.com/campfire-net/ready/pkg/views/views.go:38.19,39.25 1 1
github.com/campfire-net/ready/pkg/views/views.go:40.21,41.35 1 1
github.com/campfire-net/ready/pkg/views/views.go:42.18,43.32 1 1
github.com/campfire-net/ready/pkg/views/views.go:44.17,45.23 1 1
github.com/campfire-net/ready/pkg/views/views.go:46.17,47.25 1 1
github.com/campfire-net/ready/pkg/views/views.go:48.10,49.13 1 1
github.com/campfire-net/ready/pkg/views/views.go:60.27,61.37 1 1
github.com/campfire-net/ready/pkg/views/views.go:61.37,62.29 1 1
github.com/campfire-net/ready/pkg/views/views.go:62.29,64.4 1 1
github.com/campfire-net/ready/pkg/views/views.go:65.3,65.28 1 1
github.com/campfire-net/ready/pkg/views/views.go:65.28,67.4 1 1
github.com/campfire-net/ready/pkg/views/views.go:68.3,68.43 1 1
github.com/campfire-net/ready/pkg/views/views.go:68.43,70.4 1 1
github.com/campfire-net/ready/pkg/views/views.go:71.3,71.14 1 1
github.com/campfire-net/ready/pkg/views/views.go:76.26,77.37 1 1
github.com/campfire-net/ready/pkg/views/views.go:77.37,79.3 1 1
github.com/campfire-net/ready/pkg/views/views.go:83.29,84.37 1 1
github.com/campfire-net/ready/pkg/views/views.go:84.37,85.22 1 1
github.com/campfire-net/ready/pkg/views/views.go:86.72,87.15 1 1
github.com/campfire-net/ready/pkg/views/views.go:89.3,89.15 1 1
github.com/campfire-net/ready/pkg/views/views.go:94.29,96.37 2 1
github.com/campfire-net/ready/pkg/views/views.go:96.37,97.29 1 1
github.com/campfire-net/ready/pkg/views/views.go:97.29,99.4 1 1
github.com/campfire-net/ready/pkg/views/views.go:100.3,100.21 1 1
github.com/campfire-net/ready/pkg/views/views.go:100.21,102.4 1 1
github.com/campfire-net/ready/pkg/views/views.go:103.3,104.17 2 1
github.com/campfire-net/ready/pkg/views/views.go:104.17,106.4 1 1
github.com/campfire-net/ready/pkg/views/views.go:107.3,107.25 1 1
github.com/campfire-net/ready/pkg/views/views.go:113.46,114.37 1 1
github.com/campfire-net/ready/pkg/views/views.go:114.37,115.21 1 1
github.com/campfire-net/ready/pkg/views/views.go:115.21,117.4 1 1
github.com/campfire-net/ready/pkg/views/views.go:118.3,121.37 1 1
github.com/campfire-net/ready/pkg/views/views.go:126.43,127.37 1 1
github.com/campfire-net/ready/pkg/views/views.go:127.37,128.21 1 1
github.com/campfire-net/ready/pkg/views/views.go:128.21,130.4 1 1
github.com/campfire-net/ready/pkg/views/views.go:131.3,131.56 1 1
github.com/campfire-net/ready/pkg/views/views.go:139.27,140.37 1 1
github.com/campfire-net/ready/pkg/views/views.go:140.37,144.3 1 1
github.com/campfire-net/ready/pkg/views/views.go:149.42,151.37 2 1
github.com/campfire-net/ready/pkg/views/views.go:151.37,152.19 1 1
github.com/campfire-net/ready/pkg/views/views.go:152.19,154.4 1 1
github.com/campfire-net/ready/pkg/views/views.go:155.3,155.21 1 1
github.com/campfire-net/ready/pkg/views/views.go:155.21,157.4 1 1
github.com/campfire-net/ready/pkg/views/views.go:158.3,158.31 1 1
github.com/campfire-net/ready/pkg/views/views.go:163.57,165.29 2 1
github.com/campfire-net/ready/pkg/views/views.go:165.29,166.14 1 1
github.com/campfire-net/ready/pkg/views/views.go:166.14,168.4 1 1
github.com/campfire-net/ready/pkg/views/views.go:170.2,170.15 1 1
github.com/campfire-net/ready/pkg/views/views.go:174.26,185.2 1 1
github.com/campfire-net/ready/pkg/rdconfig/config.go:32.33,34.2 1 1
github.com/campfire-net/ready/pkg/rdconfig/config.go:37.43,39.24 2 1
github.com/campfire-net/ready/pkg/rdconfig/config.go:39.24,41.3 1 1
github.com/campfire-net/ready/pkg/rdconfig/config.go:42.2,42.16 1 1
github.com/campfire-net/ready/pkg/rdconfig/config.go:42.16,44.3 1 0
github.com/campfire-net/ready/pkg/rdconfig/config.go:45.2,46.49 2 1
github.com/campfire-net/ready/pkg/rdconfig/config.go:46.49,48.3 1 1
github.com/campfire-net/ready/pkg/rdconfig/config.go:49.2,49.16 1 1
github.com/campfire-net/ready/pkg/rdconfig/config.go:53.43,55.16 2 1
github.com/campfire-net/ready/pkg/rdconfig/config.go:55.16,57.3 1 0
github.com/campfire-net/ready/pkg/rdconfig/config.go:58.2,58.47 1 1
github.com/campfire-net/ready/pkg/rdconfig/config.go:120.47,122.2 1 1
github.com/campfire-net/ready/pkg/rdconfig/config.go:126.61,128.24 2 1
github.com/campfire-net/ready/pkg/rdconfig/config.go:128.24,130.3 1 1
github.com/campfire-net/ready/pkg/rdconfig/config.go:131.2,131.16 1 1
github.com/campfire-net/ready/pkg/rdconfig/config.go:131.16,133.3 1 0
github.com/campfire-net/ready/pkg/rdconfig/config.go:134.2,135.49 2 1
github.com/campfire-net/ready/pkg/rdconfig/config.go:135.49,137.3 1 1
github.com/campfire-net/ready/pkg/rdconfig/config.go:138.2,138.16 1 1
github.com/campfire-net/ready/pkg/rdconfig/config.go:142.61,144.47 2 1
github.com/campfire-net/ready/pkg/rdconfig/config.go:144.47,146.3 1 0
github.com/campfire-net/ready/pkg/rdconfig/config.go:147.2,148.16 2 1
github.com/campfire-net/ready/pkg/rdconfig/config.go:148.16,150.3 1 0
github.com/campfire-net/ready/pkg/rdconfig/config.go:151.2,151.61 1 1
github.com/campfire-net/ready/pkg/state/state.go:227.45,228.25 1 1
github.com/campfire-net/ready/pkg/state/state.go:228.25,229.15 1 1
github.com/campfire-net/ready/pkg/state/state.go:229.15,231.4 1 1
github.com/campfire-net/ready/pkg/state/state.go:233.2,233.14 1 1
github.com/campfire-net/ready/pkg/state/state.go:238.61,239.18 1 1
github.com/campfire-net/ready/pkg/state/state.go:240.12,241.40 1 1
github.com/campfire-net/ready/pkg/state/state.go:242.12,243.59 1 1
github.com/campfire-net/ready/pkg/state/state.go:244.12,245.60 1 1
github.com/campfire-net/ready/pkg/state/state.go:246.12,247.60 1 1
github.com/campfire-net/ready/pkg/state/state.go:248.10,249.60 1 1
github.com/campfire-net/ready/pkg/state/state.go:255.92,256.18 1 1
github.com/campfire-net/ready/pkg/state/state.go:256.18,257.39 1 1
github.com/campfire-net/ready/pkg/state/state.go:257.39,259.4 1 1
github.com/campfire-net/ready/pkg/state/state.go:261.2,261.34 1 1
github.com/campfire-net/ready/pkg/state/state.go:261.34,262.36 1 1
github.com/campfire-net/ready/pkg/state/state.go:262.36,264.4 1 1
github.com/campfire-net/ready/pkg/state/state.go:266.2,266.11 1 1
github.com/campfire-net/ready/pkg/state/state.go:287.38,289.56 1 1
github.com/campfire-net/ready/pkg/state/state.go:289.56,291.3 1 0
github.com/campfire-net/ready/pkg/state/state.go:293.2,293.62 1 1
github.com/campfire-net/ready/pkg/state/state.go:293.62,295.3 1 1
github.com/campfire-net/ready/pkg/state/state.go:296.2,296.10 1 1
github.com/campfire-net/ready/pkg/state/state.go:301.117,303.25 2 1
github.com/campfire-net/ready/pkg/state/state.go:303.25,304.51 1 1
github.com/campfire-net/ready/pkg/state/state.go:304.51,305.12 1 1
github.com/campfire-net/ready/pkg/state/state.go:307.3,308.55 2 1
github.com/campfire-net/ready/pkg/state/state.go:308.55,309.12 1 0
github.com/campfire-net/ready/pkg/state/state.go:311.3,311.61 1 1
github.com/campfire-net/ready/pkg/state/state.go:311.61,312.12 1 0
github.com/campfire-net/ready/pkg/state/state.go:314.3,315.43 2 1
github.com/campfire-net/ready/pkg/state/state.go:315.43,317.12 1 0
github.com/campfire-net/ready/pkg/state/state.go:319.3,320.45 2 1
github.com/campfire-net/ready/pkg/state/state.go:320.45,322.12 1 0
github.com/campfire-net/ready/pkg/state/state.go:325.3,325.52 1 1
github.com/campfire-net/ready/pkg/state/state.go:325.52,332.4 1 1
github.com/campfire-net/ready/pkg/state/state.go:334.2,334.15 1 1
github.com/campfire-net/ready/pkg/state/state.go:340.102,342.25 2 1
github.com/campfire-net/ready/pkg/state/state.go:342.25,343.51 1 1
github.com/campfire-net/ready/pkg/state/state.go:343.51,344.12 1 1
github.com/campfire-net/ready/pkg/state/state.go:346.3,347.55 2 1
github.com/campfire-net/ready/pkg/state/state.go:347.55,348.12 1 0
github.com/campfire-net/ready/pkg/state/state.go:350.3,350.61 1 1
github.com/campfire-net/ready/pkg/state/state.go:350.61,351.12 1 0
github.com/campfire-net/ready/pkg/state/state.go:353.3,354.21 2 1
github.com/campfire-net/ready/pkg/state/state.go:354.21,356.12 1 0
github.com/campfire-net/ready/pkg/state/state.go:358.3,358.50 1 1
github.com/campfire-net/ready/pkg/state/state.go:358.50,366.4 2 1
github.com/campfire-net/ready/pkg/state/state.go:368.2,368.14 1 1
github.com/campfire-net/ready/pkg/state/state.go:373.124,374.25 1 1
github.com/campfire-net/ready/pkg/state/state.go:374.25,375.61 1 1
github.com/campfire-net/ready/pkg/state/state.go:375.61,378.38 1 1
github.com/campfire-net/ready/pkg/state/state.go:378.38,379.27 1 1
github.com/campfire-net/ready/pkg/state/state.go:379.27,381.6 1 1
github.com/campfire-net/ready/pkg/state/state.go:385.2,385.12 1 1
github.com/campfire-net/ready/pkg/state/state.go:399.138,404.25 2 1
github.com/campfire-net/ready/pkg/state/state.go:404.25,406.3 1 1
github.com/campfire-net/ready/pkg/state/state.go:410.2,410.43 1 1
github.com/campfire-net/ready/pkg/state/state.go:410.43,412.3 1 1
github.com/campfire-net/ready/pkg/state/state.go:415.2,416.20 2 1
github.com/campfire-net/ready/pkg/state/state.go:416.20,420.3 1 0
github.com/campfire-net/ready/pkg/state/state.go:423.2,423.75 1 1
github.com/campfire-net/ready/pkg/state/state.go:423.75,425.3 1 1
github.com/campfire-net/ready/pkg/state/state.go:428.2,428.56 1 1
github.com/campfire-net/ready/pkg/state/state.go:428.56,430.3 1 0
github.com/campfire-net/ready/pkg/state/state.go:433.2,433.14 1 1
github.com/campfire-net/ready/pkg/state/state.go:442.81,452.2 1 1
github.com/campfire-net/ready/pkg/state/state.go:462.77,466.25 2 1
github.com/campfire-net/ready/pkg/state/state.go:466.25,467.41 1 1
github.com/campfire-net/ready/pkg/state/state.go:467.41,468.12 1 1
github.com/campfire-net/ready/pkg/state/state.go:470.3,476.55 2 1
github.com/campfire-net/ready/pkg/state/state.go:476.55,477.12 1 0
github.com/campfire-net/ready/pkg/state/state.go:479.3,479.21 1 1
github.com/campfire-net/ready/pkg/state/state.go:479.21,480.12 1 0
github.com/campfire-net/ready/pkg/state/state.go:482.3,483.23 2 1
github.com/campfire-net/ready/pkg/state/state.go:483.23,485.4 1 1
github.com/campfire-net/ready/pkg/state/state.go:487.3,488.45 2 1
github.com/campfire-net/ready/pkg/state/state.go:488.45,495.4 1 1
github.com/campfire-net/ready/pkg/state/state.go:500.2,521.25 7 1
github.com/campfire-net/ready/pkg/state/state.go:521.25,522.10 1 1
github.com/campfire-net/ready/pkg/state/state.go:523.38,525.56 2 1
github.com/campfire-net/ready/pkg/state/state.go:525.56,526.13 1 1
github.com/campfire-net/ready/pkg/state/state.go:528.4,528.18 1 1
github.com/campfire-net/ready/pkg/state/state.go:528.18,529.13 1 1
github.com/campfire-net/ready/pkg/state/state.go:531.4,533.17 3 1
github.com/campfire-net/ready/pkg/state/state.go:533.17,535.5 1 1
github.com/campfire-net/ready/pkg/state/state.go:536.4,565.25 4 1
github.com/campfire-net/ready/pkg/state/state.go:567.38,569.56 2 1
github.com/campfire-net/ready/pkg/state/state.go:569.56,570.13 1 1
github.com/campfire-net/ready/pkg/state/state.go:572.4,574.11 3 1
github.com/campfire-net/ready/pkg/state/state.go:574.11,575.13 1 1
github.com/campfire-net/ready/pkg/state/state.go:577.4,587.29 5 1
github.com/campfire-net/ready/pkg/state/state.go:587.29,591.5 3 1
github.com/campfire-net/ready/pkg/state/state.go:591.10,595.5 3 1
github.com/campfire-net/ready/pkg/state/state.go:597.37,599.56 2 1
github.com/campfire-net/ready/pkg/state/state.go:599.56,600.13 1 1
github.com/campfire-net/ready/pkg/state/state.go:602.4,604.11 3 1
github.com/campfire-net/ready/pkg/state/state.go:604.11,605.13 1 0
github.com/campfire-net/ready/pkg/state/state.go:608.4,617.6 5 1
github.com/campfire-net/ready/pkg/state/state.go:619.40,621.68 1 1
github.com/campfire-net/ready/pkg/state/state.go:621.68,622.13 1 0
github.com/campfire-net/ready/pkg/state/state.go:625.4,626.56 2 1
github.com/campfire-net/ready/pkg/state/state.go:626.56,627.13 1 1
github.com/campfire-net/ready/pkg/state/state.go:629.4,631.11 3 1
github.com/campfire-net/ready/pkg/state/state.go:631.11,632.13 1 0
github.com/campfire-net/ready/pkg/state/state.go:634.4,635.32 2 1
github.com/campfire-net/ready/pkg/state/state.go:637.37,639.65 1 1
github.com/campfire-net/ready/pkg/state/state.go:639.65,640.13 1 1
github.com/campfire-net/ready/pkg/state/state.go:643.4,644.56 2 1
github.com/campfire-net/ready/pkg/state/state.go:644.56,645.13 1 1
github.com/campfire-net/ready/pkg/state/state.go:647.4,649.11 3 1
github.com/campfire-net/ready/pkg/state/state.go:649.11,650.13 1 0
github.com/campfire-net/ready/pkg/state/state.go:653.4,654.24 2 1
github.com/campfire-net/ready/pkg/state/state.go:655.16,656.29 1 1
github.com/campfire-net/ready/pkg/state/state.go:657.21,658.34 1 0
github.com/campfire-net/ready/pkg/state/state.go:659.18,660.31 1 0
github.com/campfire-net/ready/pkg/state/state.go:661.12,662.29 1 1
github.com/campfire-net/ready/pkg/state/state.go:664.4,675.36 4 1
github.com/campfire-net/ready/pkg/state/state.go:675.36,676.34 1 1
github.com/campfire-net/ready/pkg/state/state.go:676.34,678.6 1 1
github.com/campfire-net/ready/pkg/state/state.go:678.11,680.6 1 1
github.com/campfire-net/ready/pkg/state/state.go:682.4,682.25 1 1
github.com/campfire-net/ready/pkg/state/state.go:684.38,686.56 2 1
github.com/campfire-net/ready/pkg/state/state.go:686.56,687.13 1 1
github.com/campfire-net/ready/pkg/state/state.go:689.4,691.11 3 1
github.com/campfire-net/ready/pkg/state/state.go:691.11,692.13 1 0
github.com/campfire-net/ready/pkg/state/state.go:695.4,695.21 1 1
github.com/campfire-net/ready/pkg/state/state.go:695.21,697.5 1 1
github.com/campfire-net/ready/pkg/state/state.go:698.4,698.23 1 1
github.com/campfire-net/ready/pkg/state/state.go:698.23,701.5 2 1
github.com/campfire-net/ready/pkg/state/state.go:702.4,702.24 1 1
github.com/campfire-net/ready/pkg/state/state.go:702.24,704.5 1 1
github.com/campfire-net/ready/pkg/state/state.go:705.4,705.19 1 1
github.com/campfire-net/ready/pkg/state/state.go:705.19,707.5 1 1
github.com/campfire-net/ready/pkg/state/state.go:708.4,708.19 1 1
github.com/campfire-net/ready/pkg/state/state.go:708.19,710.5 1 1
github.com/campfire-net/ready/pkg/state/state.go:711.4,711.21 1 1
github.com/campfire-net/ready/pkg/state/state.go:711.21,713.5 1 1
github.com/campfire-net/ready/pkg/state/state.go:714.4,714.19 1 1
github.com/campfire-net/ready/pkg/state/state.go:714.19,716.5 1 0
github.com/campfire-net/ready/pkg/state/state.go:717.4,717.18 1 1
github.com/campfire-net/ready/pkg/state/state.go:717.18,719.5 1 0
github.com/campfire-net/ready/pkg/state/state.go:720.4,720.20 1 1
github.com/campfire-net/ready/pkg/state/state.go:720.20,722.5 1 0
github.com/campfire-net/ready/pkg/state/state.go:724.4,724.32 1 1
github.com/campfire-net/ready/pkg/state/state.go:724.32,726.5 1 0
github.com/campfire-net/ready/pkg/state/state.go:727.4,727.32 1 1
github.com/campfire-net/ready/pkg/state/state.go:729.37,731.56 2 1
github.com/campfire-net/ready/pkg/state/state.go:731.56,732.13 1 1
github.com/campfire-net/ready/pkg/state/state.go:734.4,734.46 1 1
github.com/campfire-net/ready/pkg/state/state.go:734.46,735.13 1 1
github.com/campfire-net/ready/pkg/state/state.go:738.4,740.40 3 1
github.com/campfire-net/ready/pkg/state/state.go:740.40,743.23 2 1
github.com/campfire-net/ready/pkg/state/state.go:743.23,745.6 1 0
github.com/campfire-net/ready/pkg/state/state.go:746.5,746.48 1 1
github.com/campfire-net/ready/pkg/state/state.go:746.48,748.24 2 1
github.com/campfire-net/ready/pkg/state/state.go:748.24,750.7 1 0
github.com/campfire-net/ready/pkg/state/state.go:751.6,754.7 1 1
github.com/campfire-net/ready/pkg/state/state.go:756.5,756.13 1 1
github.com/campfire-net/ready/pkg/state/state.go:758.4,766.31 2 1
github.com/campfire-net/ready/pkg/state/state.go:768.39,770.56 2 1
github.com/campfire-net/ready/pkg/state/state.go:770.56,771.13 1 1
github.com/campfire-net/ready/pkg/state/state.go:773.4,774.23 2 1
github.com/campfire-net/ready/pkg/state/state.go:774.23,775.39 1 1
github.com/campfire-net/ready/pkg/state/state.go:775.39,777.11 2 1
github.com/campfire-net/ready/pkg/state/state.go:780.4,780.48 1 1
github.com/campfire-net/ready/pkg/state/state.go:780.48,782.34 2 1
github.com/campfire-net/ready/pkg/state/state.go:782.34,783.72 1 1
github.com/campfire-net/ready/pkg/state/state.go:783.72,785.7 1 1
github.com/campfire-net/ready/pkg/state/state.go:787.5,788.37 2 1
github.com/campfire-net/ready/pkg/state/state.go:791.36,797.56 2 1
github.com/campfire-net/ready/pkg/state/state.go:797.56,798.13 1 1
github.com/campfire-net/ready/pkg/state/state.go:800.4,802.11 3 1
github.com/campfire-net/ready/pkg/state/state.go:802.11,803.13 1 0
github.com/campfire-net/ready/pkg/state/state.go:805.4,812.31 7 1
github.com/campfire-net/ready/pkg/state/state.go:814.44,816.72 1 1
github.com/campfire-net/ready/pkg/state/state.go:816.72,817.13 1 0
github.com/campfire-net/ready/pkg/state/state.go:822.4,823.56 2 1
github.com/campfire-net/ready/pkg/state/state.go:823.56,824.13 1 1
github.com/campfire-net/ready/pkg/state/state.go:827.4,828.23 2 1
github.com/campfire-net/ready/pkg/state/state.go:828.23,829.39 1 1
github.com/campfire-net/ready/pkg/state/state.go:829.39,830.40 1 1
github.com/campfire-net/ready/pkg/state/state.go:830.40,832.12 2 1
github.com/campfire-net/ready/pkg/state/state.go:836.4,837.20 2 1
github.com/campfire-net/ready/pkg/state/state.go:837.20,838.13 1 1
github.com/campfire-net/ready/pkg/state/state.go:840.4,841.11 2 1
github.com/campfire-net/ready/pkg/state/state.go:841.11,842.13 1 0
github.com/campfire-net/ready/pkg/state/state.go:844.4,844.34 1 1
github.com/campfire-net/ready/pkg/state/state.go:844.34,850.5 5 1
github.com/campfire-net/ready/pkg/state/state.go:853.4,853.32 1 1
github.com/campfire-net/ready/pkg/state/state.go:859.2,859.34 1 1
github.com/campfire-net/ready/pkg/state/state.go:859.34,862.31 3 1
github.com/campfire-net/ready/pkg/state/state.go:862.31,863.12 1 0
github.com/campfire-net/ready/pkg/state/state.go:865.3,865.39 1 1
github.com/campfire-net/ready/pkg/state/state.go:865.39,866.12 1 0
github.com/campfire-net/ready/pkg/state/state.go:868.3,868.40 1 1
github.com/campfire-net/ready/pkg/state/state.go:868.40,870.4 1 1
github.com/campfire-net/ready/pkg/state/state.go:872.3,873.64 2 1
github.com/campfire-net/ready/pkg/state/state.go:882.2,882.34 1 1
github.com/campfire-net/ready/pkg/state/state.go:882.34,883.27 1 1
github.com/campfire-net/ready/pkg/state/state.go:883.27,884.12 1 0
github.com/campfire-net/ready/pkg/state/state.go:886.3,886.30 1 1
github.com/campfire-net/ready/pkg/state/state.go:886.30,887.56 1 1
github.com/campfire-net/ready/pkg/state/state.go:887.56,890.5 2 1
github.com/campfire-net/ready/pkg/state/state.go:894.2,894.14 1 1
github.com/campfire-net/ready/pkg/state/state.go:898.82,900.16 2 0
github.com/campfire-net/ready/pkg/state/state.go:900.16,902.3 1 0
github.com/campfire-net/ready/pkg/state/state.go:903.2,903.38 1 0
github.com/campfire-net/ready/pkg/state/state.go:914.61,916.2 1 1
github.com/campfire-net/ready/pkg/state/state.go:921.85,923.16 2 1
github.com/campfire-net/ready/pkg/state/state.go:923.16,925.3 1 0
github.com/campfire-net/ready/pkg/state/state.go:926.2,926.23 1 1
github.com/campfire-net/ready/pkg/state/state.go:926.23,928.3 1 1
github.com/campfire-net/ready/pkg/state/state.go:930.2,930.22 1 1
github.com/campfire-net/ready/pkg/state/state.go:930.22,932.3 1 1
github.com/campfire-net/ready/pkg/state/state.go:934.2,935.28 2 1
github.com/campfire-net/ready/pkg/state/state.go:935.28,946.3 1 1
github.com/campfire-net/ready/pkg/state/state.go:947.2,947.38 1 1
github.com/campfire-net/ready/pkg/state/state.go:966.59,968.16 2 1
github.com/campfire-net/ready/pkg/state/state.go:968.16,969.25 1 1
github.com/campfire-net/ready/pkg/state/state.go:969.25,971.4 1 1
github.com/campfire-net/ready/pkg/state/state.go:972.3,972.58 1 0
github.com/campfire-net/ready/pkg/state/state.go:974.2,979.21 5 1
github.com/campfire-net/ready/pkg/state/state.go:979.21,981.21 2 1
github.com/campfire-net/ready/pkg/state/state.go:981.21,982.12 1 0
github.com/campfire-net/ready/pkg/state/state.go:984.3,985.50 2 1
github.com/campfire-net/ready/pkg/state/state.go:985.50,986.12 1 1
github.com/campfire-net/ready/pkg/state/state.go:988.3,988.31 1 1
github.com/campfire-net/ready/pkg/state/state.go:990.2,990.38 1 1
github.com/campfire-net/ready/pkg/state/state.go:990.38,992.3 1 0
github.com/campfire-net/ready/pkg/state/state.go:994.2,994.42 1 1
github.com/campfire-net/ready/pkg/state/state.go:994.42,996.3 1 1
github.com/campfire-net/ready/pkg/state/state.go:997.2,997.21 1 1
github.com/campfire-net/ready/pkg/state/state.go:1004.36,1005.26 1 1
github.com/campfire-net/ready/pkg/state/state.go:1005.26,1007.3 1 1
github.com/campfire-net/ready/pkg/state/state.go:1008.2,1008.12 1 1
github.com/campfire-net/ready/pkg/state/state.go:1012.56,1013.26 1 1
github.com/campfire-net/ready/pkg/state/state.go:1013.26,1014.15 1 0
github.com/campfire-net/ready/pkg/state/state.go:1014.15,1016.4 1 0
github.com/campfire-net/ready/pkg/state/state.go:1018.2,1018.27 1 1
github.com/campfire-net/ready/pkg/state/state.go:1022.33,1024.2 1 1
github.com/campfire-net/ready/pkg/state/state.go:1027.34,1029.2 1 1
github.com/campfire-net/ready/pkg/state/state.go:1036.42,1038.13 2 1
github.com/campfire-net/ready/pkg/state/state.go:1038.13,1040.3 1 1
github.com/campfire-net/ready/pkg/state/state.go:1041.2,1044.47 3 1
github.com/campfire-net/ready/pkg/state/state.go:1049.58,1050.30 1 1
github.com/campfire-net/ready/pkg/state/state.go:1050.30,1052.3 1 1
github.com/campfire-net/ready/pkg/state/state.go:1053.2,1058.3 2 1
github.com/campfire-net/ready/pkg/jsonl/flock_unix.go:11.33,13.2 1 1
github.com/campfire-net/ready/pkg/jsonl/flock_unix.go:16.35,18.2 1 1
github.com/campfire-net/ready/pkg/jsonl/reader.go:20.37,22.2 1 1
github.com/campfire-net/ready/pkg/jsonl/reader.go:27.54,29.2 1 1
github.com/campfire-net/ready/pkg/jsonl/reader.go:34.67,36.2 1 1
github.com/campfire-net/ready/pkg/jsonl/reader.go:39.67,41.16 2 1
github.com/campfire-net/ready/pkg/jsonl/reader.go:41.16,42.25 1 1
github.com/campfire-net/ready/pkg/jsonl/reader.go:42.25,44.4 1 1
github.com/campfire-net/ready/pkg/jsonl/reader.go:45.3,45.60 1 0
github.com/campfire-net/ready/pkg/jsonl/reader.go:47.2,54.21 5 1
github.com/campfire-net/ready/pkg/jsonl/reader.go:54.21,56.21 2 1
github.com/campfire-net/ready/pkg/jsonl/reader.go:56.21,57.12 1 0
github.com/campfire-net/ready/pkg/jsonl/reader.go:59.3,60.52 2 1
github.com/campfire-net/ready/pkg/jsonl/reader.go:60.52,62.12 1 1
github.com/campfire-net/ready/pkg/jsonl/reader.go:64.3,64.28 1 1
github.com/campfire-net/ready/pkg/jsonl/reader.go:64.28,66.4 1 1
github.com/campfire-net/ready/pkg/jsonl/reader.go:68.2,68.55 1 1
github.com/campfire-net/ready/pkg/jsonl/reader.go:68.55,70.3 1 0
github.com/campfire-net/ready/pkg/jsonl/reader.go:74.2,74.42 1 1
github.com/campfire-net/ready/pkg/jsonl/reader.go:74.42,76.3 1 1
github.com/campfire-net/ready/pkg/jsonl/reader.go:78.2,78.21 1 1
github.com/campfire-net/ready/pkg/jsonl/types.go:46.62,58.2 2 0
github.com/campfire-net/ready/pkg/jsonl/types.go:63.63,74.2 1 1
github.com/campfire-net/ready/pkg/jsonl/types.go:77.51,79.2 1 0
github.com/campfire-net/ready/pkg/jsonl/types.go:83.45,84.25 1 0
github.com/campfire-net/ready/pkg/jsonl/types.go:84.25,85.73 1 0
github.com/campfire-net/ready/pkg/jsonl/types.go:85.73,87.4 1 0
github.com/campfire-net/ready/pkg/jsonl/types.go:89.2,89.11 1 0
github.com/campfire-net/ready/pkg/jsonl/writer.go:27.37,29.2 1 1
github.com/campfire-net/ready/pkg/jsonl/writer.go:33.49,35.16 2 1
github.com/campfire-net/ready/pkg/jsonl/writer.go:35.16,37.3 1 0
github.com/campfire-net/ready/pkg/jsonl/writer.go:38.2,41.64 2 1
github.com/campfire-net/ready/pkg/jsonl/writer.go:41.64,43.3 1 0
github.com/campfire-net/ready/pkg/jsonl/writer.go:46.2,47.16 2 1
github.com/campfire-net/ready/pkg/jsonl/writer.go:47.16,49.3 1 0
github.com/campfire-net/ready/pkg/jsonl/writer.go:50.2,53.36 2 1
github.com/campfire-net/ready/pkg/jsonl/writer.go:53.36,55.3 1 0
github.com/campfire-net/ready/pkg/jsonl/writer.go:56.2,59.41 2 1
github.com/campfire-net/ready/pkg/jsonl/writer.go:59.41,61.3 1 0
github.com/campfire-net/ready/pkg/jsonl/writer.go:62.2,62.33 1 1
github.com/campfire-net/ready/pkg/jsonl/writer.go:62.33,64.3 1 0
github.com/campfire-net/ready/pkg/jsonl/writer.go:65.2,65.12 1 1
github.com/campfire-net/ready/pkg/sync/inbound.go:64.112,65.17 1 1
github.com/campfire-net/ready/pkg/sync/inbound.go:65.17,67.3 1 1
github.com/campfire-net/ready/pkg/sync/inbound.go:70.2,71.16 2 1
github.com/campfire-net/ready/pkg/sync/inbound.go:71.16,73.3 1 0
github.com/campfire-net/ready/pkg/sync/inbound.go:75.2,81.26 5 1
github.com/campfire-net/ready/pkg/sync/inbound.go:81.26,84.31 3 1
github.com/campfire-net/ready/pkg/sync/inbound.go:84.31,89.4 1 1
github.com/campfire-net/ready/pkg/sync/inbound.go:94.2,98.17 3 1
github.com/campfire-net/ready/pkg/sync/inbound.go:98.17,100.3 1 1
github.com/campfire-net/ready/pkg/sync/inbound.go:102.2,103.16 2 1
github.com/campfire-net/ready/pkg/sync/inbound.go:103.16,105.3 1 0
github.com/campfire-net/ready/pkg/sync/inbound.go:107.2,107.20 1 1
github.com/campfire-net/ready/pkg/sync/inbound.go:107.20,109.81 1 1
github.com/campfire-net/ready/pkg/sync/inbound.go:109.81,111.4 1 0
github.com/campfire-net/ready/pkg/sync/inbound.go:112.3,112.21 1 1
github.com/campfire-net/ready/pkg/sync/inbound.go:116.2,117.16 2 1
github.com/campfire-net/ready/pkg/sync/inbound.go:117.16,119.3 1 0
github.com/campfire-net/ready/pkg/sync/inbound.go:123.2,124.27 2 1
github.com/campfire-net/ready/pkg/sync/inbound.go:124.27,125.20 1 1
github.com/campfire-net/ready/pkg/sync/inbound.go:125.20,127.12 2 1
github.com/campfire-net/ready/pkg/sync/inbound.go:130.3,130.28 1 1
github.com/campfire-net/ready/pkg/sync/inbound.go:130.28,131.12 1 0
github.com/campfire-net/ready/pkg/sync/inbound.go:133.3,134.51 2 1
github.com/campfire-net/ready/pkg/sync/inbound.go:134.51,136.4 1 0
github.com/campfire-net/ready/pkg/sync/inbound.go:137.3,138.18 2 1
github.com/campfire-net/ready/pkg/sync/inbound.go:142.2,142.80 1 1
github.com/campfire-net/ready/pkg/sync/inbound.go:142.80,145.3 1 0
github.com/campfire-net/ready/pkg/sync/inbound.go:147.2,147.20 1 1
github.com/campfire-net/ready/pkg/sync/inbound.go:152.63,155.16 3 1
github.com/campfire-net/ready/pkg/sync/inbound.go:155.16,157.3 1 0
github.com/campfire-net/ready/pkg/sync/inbound.go:158.2,159.27 2 1
github.com/campfire-net/ready/pkg/sync/inbound.go:159.27,161.3 1 1
github.com/campfire-net/ready/pkg/sync/inbound.go:162.2,162.19 1 1
github.com/campfire-net/ready/pkg/sync/inbound.go:166.71,169.2 2 1
github.com/campfire-net/ready/pkg/sync/inbound.go:175.26,190.2 1 1
github.com/campfire-net/ready/pkg/sync/inbound.go:193.37,194.25 1 1
github.com/campfire-net/ready/pkg/sync/inbound.go:194.25,195.85 1 1
github.com/campfire-net/ready/pkg/sync/inbound.go:195.85,197.4 1 1
github.com/campfire-net/ready/pkg/sync/inbound.go:199.2,199.14 1 0
github.com/campfire-net/ready/pkg/sync/outbound.go:58.51,61.24 3 1
github.com/campfire-net/ready/pkg/sync/outbound.go:61.24,63.3 1 1
github.com/campfire-net/ready/pkg/sync/outbound.go:64.2,64.16 1 1
github.com/campfire-net/ready/pkg/sync/outbound.go:64.16,66.3 1 0
github.com/campfire-net/ready/pkg/sync/outbound.go:67.2,68.49 2 1
github.com/campfire-net/ready/pkg/sync/outbound.go:68.49,70.3 1 0
github.com/campfire-net/ready/pkg/sync/outbound.go:71.2,71.16 1 1
github.com/campfire-net/ready/pkg/sync/outbound.go:75.51,77.47 2 1
github.com/campfire-net/ready/pkg/sync/outbound.go:77.47,79.3 1 0
github.com/campfire-net/ready/pkg/sync/outbound.go:80.2,81.16 2 1
github.com/campfire-net/ready/pkg/sync/outbound.go:81.16,83.3 1 0
github.com/campfire-net/ready/pkg/sync/outbound.go:84.2,84.70 1 1
github.com/campfire-net/ready/pkg/sync/outbound.go:91.66,93.16 2 1
github.com/campfire-net/ready/pkg/sync/outbound.go:93.16,96.3 1 0
github.com/campfire-net/ready/pkg/sync/outbound.go:97.2,101.33 4 1
github.com/campfire-net/ready/pkg/sync/outbound.go:107.71,110.38 3 1
github.com/campfire-net/ready/pkg/sync/outbound.go:110.38,112.3 1 0
github.com/campfire-net/ready/pkg/sync/outbound.go:113.2,113.12 1 1
github.com/campfire-net/ready/pkg/sync/outbound.go:118.42,122.16 4 1
github.com/campfire-net/ready/pkg/sync/outbound.go:122.16,124.3 1 0
github.com/campfire-net/ready/pkg/sync/outbound.go:125.2,125.18 1 1
github.com/campfire-net/ready/pkg/sync/outbound.go:145.52,147.16 2 1
github.com/campfire-net/ready/pkg/sync/outbound.go:147.16,149.3 1 0
github.com/campfire-net/ready/pkg/sync/outbound.go:152.2,159.24 3 1
github.com/campfire-net/ready/pkg/sync/outbound.go:159.24,161.3 1 1
github.com/campfire-net/ready/pkg/sync/outbound.go:162.2,162.20 1 1
github.com/campfire-net/ready/pkg/sync/outbound.go:180.78,184.16 4 1
github.com/campfire-net/ready/pkg/sync/outbound.go:184.16,186.3 1 0
github.com/campfire-net/ready/pkg/sync/outbound.go:187.2,187.20 1 1
github.com/campfire-net/ready/pkg/sync/outbound.go:187.20,189.3 1 1
github.com/campfire-net/ready/pkg/sync/outbound.go:191.2,194.27 3 1
github.com/campfire-net/ready/pkg/sync/outbound.go:194.27,195.44 1 1
github.com/campfire-net/ready/pkg/sync/outbound.go:195.44,201.9 4 1
github.com/campfire-net/ready/pkg/sync/outbound.go:203.3,205.82 2 1
github.com/campfire-net/ready/pkg/sync/outbound.go:205.82,208.4 1 0
github.com/campfire-net/ready/pkg/sync/outbound.go:211.2,211.20 1 1
github.com/campfire-net/ready/pkg/sync/outbound.go:211.20,213.45 1 1
github.com/campfire-net/ready/pkg/sync/outbound.go:213.45,215.4 1 0
github.com/campfire-net/ready/pkg/sync/outbound.go:216.8,216.24 1 1
github.com/campfire-net/ready/pkg/sync/outbound.go:216.24,218.55 1 1
github.com/campfire-net/ready/pkg/sync/outbound.go:218.55,220.4 1 0
github.com/campfire-net/ready/pkg/sync/outbound.go:223.2,223.25 1 1
github.com/campfire-net/ready/pkg/sync/outbound.go:227.41,229.24 2 1
github.com/campfire-net/ready/pkg/sync/outbound.go:229.24,231.3 1 0
github.com/campfire-net/ready/pkg/sync/outbound.go:232.2,232.16 1 1
github.com/campfire-net/ready/pkg/sync/outbound.go:232.16,234.3 1 0
github.com/campfire-net/ready/pkg/sync/outbound.go:235.2,237.42 2 1
github.com/campfire-net/ready/pkg/sync/outbound.go:237.42,239.3 1 0
github.com/campfire-net/ready/pkg/sync/outbound.go:240.2,241.17 2 1
github.com/campfire-net/ready/pkg/sync/outbound.go:246.69,249.16 3 1
github.com/campfire-net/ready/pkg/sync/outbound.go:249.16,251.3 1 0
github.com/campfire-net/ready/pkg/sync/outbound.go:252.2,255.48 2 1
github.com/campfire-net/ready/pkg/sync/outbound.go:255.48,259.3 3 0
github.com/campfire-net/ready/pkg/sync/outbound.go:260.2,260.15 1 1
github.com/campfire-net/ready/pkg/sync/outbound.go:260.15,264.3 2 1
github.com/campfire-net/ready/pkg/sync/outbound.go:266.2,268.27 3 1
github.com/campfire-net/ready/pkg/sync/outbound.go:268.27,269.41 1 1
github.com/campfire-net/ready/pkg/sync/outbound.go:269.41,271.4 1 0
github.com/campfire-net/ready/pkg/sync/outbound.go:273.2,273.34 1 1
github.com/campfire-net/ready/pkg/sync/outbound.go:273.34,275.3 1 0
github.com/campfire-net/ready/pkg/sync/outbound.go:276.2,276.35 1 1
github.com/campfire-net/ready/pkg/sync/outbound.go:276.35,278.3 1 0
github.com/campfire-net/ready/pkg/sync/outbound.go:279.2,281.49 2 1
github.com/campfire-net/ready/pkg/sync/outbound.go:281.49,283.3 1 0
github.com/campfire-net/ready/pkg/sync/outbound.go:284.2,284.12 1 1
github.com/campfire-net/ready/pkg/sync/outbound.go:288.42,290.2 1 1
github.com/campfire-net/ready/pkg/declarations/declarations.go:16.30,18.16 2 0
github.com/campfire-net/ready/pkg/declarations/declarations.go:18.16,20.3 1 0
github.com/campfire-net/ready/pkg/declarations/declarations.go:21.2,22.28 2 0
github.com/campfire-net/ready/pkg/declarations/declarations.go:22.28,24.17 2 0
github.com/campfire-net/ready/pkg/declarations/declarations.go:24.17,26.4 1 0
github.com/campfire-net/ready/pkg/declarations/declarations.go:27.3,27.36 1 0
github.com/campfire-net/ready/pkg/declarations/declarations.go:29.2,29.22 1 0
github.com/campfire-net/ready/pkg/declarations/declarations.go:35.40,39.16 3 0
github.com/campfire-net/ready/pkg/declarations/declarations.go:39.16,41.3 1 0
github.com/campfire-net/ready/pkg/declarations/declarations.go:42.2,42.18 1 0
github.com/campfire-net/ready/pkg/provenance/checker.go:34.35,35.14 1 1
github.com/campfire-net/ready/pkg/provenance/checker.go:36.20,37.11 1 1
github.com/campfire-net/ready/pkg/provenance/checker.go:38.21,39.11 1 0
github.com/campfire-net/ready/pkg/provenance/checker.go:40.17,41.11 1 1
github.com/campfire-net/ready/pkg/provenance/checker.go:42.10,44.11 1 0
github.com/campfire-net/ready/pkg/provenance/checker.go:65.91,69.16 2 1
github.com/campfire-net/ready/pkg/provenance/checker.go:69.16,71.3 1 0
github.com/campfire-net/ready/pkg/provenance/checker.go:73.2,74.25 2 1
github.com/campfire-net/ready/pkg/provenance/checker.go:74.25,76.55 2 1
github.com/campfire-net/ready/pkg/provenance/checker.go:76.55,77.12 1 0
github.com/campfire-net/ready/pkg/provenance/checker.go:79.3,79.37 1 1
github.com/campfire-net/ready/pkg/provenance/checker.go:79.37,80.12 1 0
github.com/campfire-net/ready/pkg/provenance/checker.go:83.3,83.41 1 1
github.com/campfire-net/ready/pkg/provenance/checker.go:86.2,89.8 1 1
github.com/campfire-net/ready/pkg/provenance/checker.go:98.46,99.36 1 1
github.com/campfire-net/ready/pkg/provenance/checker.go:99.36,101.3 1 1
github.com/campfire-net/ready/pkg/provenance/checker.go:102.2,102.47 1 1
github.com/campfire-net/ready/pkg/provenance/checker.go:102.47,104.3 1 1
github.com/campfire-net/ready/pkg/provenance/checker.go:105.2,105.10 1 1
github.com/campfire-net/ready/pkg/crossdep/crossdep.go:43.93,44.42 1 1
github.com/campfire-net/ready/pkg/crossdep/crossdep.go:44.42,46.3 1 0
github.com/campfire-net/ready/pkg/crossdep/crossdep.go:49.2,51.16 3 1
github.com/campfire-net/ready/pkg/crossdep/crossdep.go:51.16,52.33 1 1
github.com/campfire-net/ready/pkg/crossdep/crossdep.go:52.33,54.24 2 1
github.com/campfire-net/ready/pkg/crossdep/crossdep.go:54.24,56.5 1 1
github.com/campfire-net/ready/pkg/crossdep/crossdep.go:60.2,61.50 2 1
github.com/campfire-net/ready/pkg/crossdep/crossdep.go:61.50,64.20 3 1
github.com/campfire-net/ready/pkg/crossdep/crossdep.go:64.20,69.12 2 0
github.com/campfire-net/ready/pkg/crossdep/crossdep.go:72.3,73.38 2 1
github.com/campfire-net/ready/pkg/crossdep/crossdep.go:75.2,75.16 1 1
github.com/campfire-net/ready/pkg/crossdep/crossdep.go:79.137,88.20 3 1
github.com/campfire-net/ready/pkg/crossdep/crossdep.go:88.20,89.74 1 1
github.com/campfire-net/ready/pkg/crossdep/crossdep.go:89.74,91.4 1 1
github.com/campfire-net/ready/pkg/crossdep/crossdep.go:95.2,95.40 1 1
github.com/campfire-net/ready/pkg/crossdep/crossdep.go:95.40,97.24 2 1
github.com/campfire-net/ready/pkg/crossdep/crossdep.go:97.24,99.63 2 1
github.com/campfire-net/ready/pkg/crossdep/crossdep.go:99.63,101.5 1 0
github.com/campfire-net/ready/pkg/crossdep/crossdep.go:105.2,105.22 1 1
github.com/campfire-net/ready/pkg/crossdep/crossdep.go:105.22,108.3 2 1
github.com/campfire-net/ready/pkg/crossdep/crossdep.go:111.2,112.15 2 1
github.com/campfire-net/ready/pkg/crossdep/crossdep.go:112.15,115.3 2 1
github.com/campfire-net/ready/pkg/crossdep/crossdep.go:118.2,119.9 2 1
github.com/campfire-net/ready/pkg/crossdep/crossdep.go:119.9,122.29 2 1
github.com/campfire-net/ready/pkg/crossdep/crossdep.go:122.29,123.44 1 1
github.com/campfire-net/ready/pkg/crossdep/crossdep.go:123.44,125.5 1 1
github.com/campfire-net/ready/pkg/crossdep/crossdep.go:127.3,127.24 1 1
github.com/campfire-net/ready/pkg/crossdep/crossdep.go:127.24,130.4 2 0
github.com/campfire-net/ready/pkg/crossdep/crossdep.go:130.9,130.30 1 1
github.com/campfire-net/ready/pkg/crossdep/crossdep.go:130.30,133.4 2 1
github.com/campfire-net/ready/pkg/crossdep/crossdep.go:136.2,136.9 1 1
github.com/campfire-net/ready/pkg/crossdep/crossdep.go:136.9,139.3 2 1
github.com/campfire-net/ready/pkg/crossdep/crossdep.go:141.2,142.12 2 1
github.com/campfire-net/ready/pkg/crossdep/crossdep.go:147.37,149.38 2 1
github.com/campfire-net/ready/pkg/crossdep/crossdep.go:149.38,151.3 1 0
github.com/campfire-net/ready/pkg/crossdep/crossdep.go:152.2,154.47 2 1
github.com/campfire-net/ready/pkg/crossdep/crossdep.go:154.47,156.3 1 1
github.com/campfire-net/ready/pkg/crossdep/crossdep.go:157.2,157.13 1 0
github.com/campfire-net/ready/pkg/crossdep/crossdep.go:162.32,163.19 1 1
github.com/campfire-net/ready/pkg/crossdep/crossdep.go:163.19,165.3 1 1
github.com/campfire-net/ready/pkg/crossdep/crossdep.go:166.2,166.24 1 1
github.com/campfire-net/ready/pkg/resolve/resolve.go:19.37,21.2 1 1
github.com/campfire-net/ready/pkg/resolve/resolve.go:29.38,31.2 1 1
github.com/campfire-net/ready/pkg/resolve/resolve.go:36.62,38.16 2 1
github.com/campfire-net/ready/pkg/resolve/resolve.go:38.16,40.3 1 1
github.com/campfire-net/ready/pkg/resolve/resolve.go:44.2,44.32 1 1
github.com/campfire-net/ready/pkg/resolve/resolve.go:44.32,46.17 2 1
github.com/campfire-net/ready/pkg/resolve/resolve.go:46.17,47.12 1 0
github.com/campfire-net/ready/pkg/resolve/resolve.go:49.3,49.36 1 1
github.com/campfire-net/ready/pkg/resolve/resolve.go:49.36,51.4 1 1
github.com/campfire-net/ready/pkg/resolve/resolve.go:55.2,56.32 2 1
github.com/campfire-net/ready/pkg/resolve/resolve.go:56.32,58.17 2 1
github.com/campfire-net/ready/pkg/resolve/resolve.go:58.17,59.12 1 0
github.com/campfire-net/ready/pkg/resolve/resolve.go:61.3,61.31 1 1
github.com/campfire-net/ready/pkg/resolve/resolve.go:61.31,62.37 1 1
github.com/campfire-net/ready/pkg/resolve/resolve.go:62.37,64.5 1 1
github.com/campfire-net/ready/pkg/resolve/resolve.go:68.2,68.22 1 1
github.com/campfire-net/ready/pkg/resolve/resolve.go:69.9,70.38 1 1
github.com/campfire-net/ready/pkg/resolve/resolve.go:71.9,72.25 1 1
github.com/campfire-net/ready/pkg/resolve/resolve.go:73.10,75.29 2 1
github.com/campfire-net/ready/pkg/resolve/resolve.go:75.29,77.4 1 1
github.com/campfire-net/ready/pkg/resolve/resolve.go:78.3,78.57 1 1
github.com/campfire-net/ready/pkg/resolve/resolve.go:83.53,85.16 2 1
github.com/campfire-net/ready/pkg/resolve/resolve.go:85.16,87.3 1 0
github.com/campfire-net/ready/pkg/resolve/resolve.go:89.2,91.32 3 1
github.com/campfire-net/ready/pkg/resolve/resolve.go:91.32,93.17 2 1
github.com/campfire-net/ready/pkg/resolve/resolve.go:93.17,94.12 1 0
github.com/campfire-net/ready/pkg/resolve/resolve.go:96.3,96.30 1 1
github.com/campfire-net/ready/pkg/resolve/resolve.go:96.30,97.22 1 1
github.com/campfire-net/ready/pkg/resolve/resolve.go:97.22,100.5 2 1
github.com/campfire-net/ready/pkg/resolve/resolve.go:103.2,103.17 1 1
github.com/campfire-net/ready/pkg/resolve/resolve.go:107.82,109.16 2 1
github.com/campfire-net/ready/pkg/resolve/resolve.go:109.16,111.3 1 0
github.com/campfire-net/ready/pkg/resolve/resolve.go:112.2,113.29 2 1
github.com/campfire-net/ready/pkg/resolve/resolve.go:113.29,115.3 1 1
github.com/campfire-net/ready/pkg/resolve/resolve.go:116.2,116.17 1 1
github.com/campfire-net/ready/pkg/resolve/resolve.go:122.74,124.16 2 1
github.com/campfire-net/ready/pkg/resolve/resolve.go:124.16,126.3 1 0
github.com/campfire-net/ready/pkg/resolve/resolve.go:129.2,129.35 1 1
github.com/campfire-net/ready/pkg/resolve/resolve.go:129.35,131.3 1 1
github.com/campfire-net/ready/pkg/resolve/resolve.go:134.2,135.30 2 1
github.com/campfire-net/ready/pkg/resolve/resolve.go:135.30,136.36 1 1
github.com/campfire-net/ready/pkg/resolve/resolve.go:136.36,138.4 1 1
github.com/campfire-net/ready/pkg/resolve/resolve.go:140.2,140.22 1 1
github.com/campfire-net/ready/pkg/resolve/resolve.go:141.9,142.38 1 1
github.com/campfire-net/ready/pkg/resolve/resolve.go:143.9,144.25 1 1
github.com/campfire-net/ready/pkg/resolve/resolve.go:145.10,147.29 2 1
github.com/campfire-net/ready/pkg/resolve/resolve.go:147.29,149.4 1 1
github.com/campfire-net/ready/pkg/resolve/resolve.go:150.3,150.57 1 1
github.com/campfire-net/ready/pkg/resolve/resolve.go:157.72,159.16 2 1
github.com/campfire-net/ready/pkg/resolve/resolve.go:159.16,161.3 1 0
github.com/campfire-net/ready/pkg/resolve/resolve.go:162.2,163.29 2 1
github.com/campfire-net/ready/pkg/resolve/resolve.go:163.29,165.3 1 1
github.com/campfire-net/ready/pkg/resolve/resolve.go:166.2,166.17 1 1
github.com/campfire-net/ready/pkg/conventionserver/declarations.go:7.48,9.2 1 0
github.com/campfire-net/ready/pkg/conventionserver/inbox_watcher.go:50.49,56.6 4 0
github.com/campfire-net/ready/pkg/conventionserver/inbox_watcher.go:56.6,57.10 1 0
github.com/campfire-net/ready/pkg/conventionserver/inbox_watcher.go:58.21,59.10 1 0
github.com/campfire-net/ready/pkg/conventionserver/inbox_watcher.go:60.19,61.15 1 0
github.com/campfire-net/ready/pkg/conventionserver/inbox_watcher.go:70.48,76.16 2 1
github.com/campfire-net/ready/pkg/conventionserver/inbox_watcher.go:76.16,79.3 2 0
github.com/campfire-net/ready/pkg/conventionserver/inbox_watcher.go:81.2,81.38 1 1
github.com/campfire-net/ready/pkg/conventionserver/inbox_watcher.go:81.38,82.50 1 1
github.com/campfire-net/ready/pkg/conventionserver/inbox_watcher.go:82.50,84.4 1 1
github.com/campfire-net/ready/pkg/conventionserver/inbox_watcher.go:88.2,88.36 1 1
github.com/campfire-net/ready/pkg/conventionserver/inbox_watcher.go:88.36,90.3 1 0
github.com/campfire-net/ready/pkg/conventionserver/inbox_watcher.go:95.43,96.20 1 1
github.com/campfire-net/ready/pkg/conventionserver/inbox_watcher.go:96.20,98.3 1 1
github.com/campfire-net/ready/pkg/conventionserver/inbox_watcher.go:99.2,99.9 1 0
github.com/campfire-net/ready/pkg/conventionserver/inbox_watcher.go:100.22,100.22 0 0
github.com/campfire-net/ready/pkg/conventionserver/inbox_watcher.go:101.10,101.10 0 0
github.com/campfire-net/ready/pkg/conventionserver/inbox_watcher.go:107.70,109.36 1 1
github.com/campfire-net/ready/pkg/conventionserver/inbox_watcher.go:109.36,111.3 1 1
github.com/campfire-net/ready/pkg/conventionserver/inbox_watcher.go:114.2,115.62 2 1
github.com/campfire-net/ready/pkg/conventionserver/inbox_watcher.go:115.62,117.3 1 0
github.com/campfire-net/ready/pkg/conventionserver/inbox_watcher.go:121.2,121.63 1 1
github.com/campfire-net/ready/pkg/conventionserver/inbox_watcher.go:121.63,123.3 1 1
github.com/campfire-net/ready/pkg/conventionserver/inbox_watcher.go:126.2,130.40 2 1
github.com/campfire-net/ready/pkg/conventionserver/inbox_watcher.go:130.40,132.3 1 1
github.com/campfire-net/ready/pkg/conventionserver/inbox_watcher.go:133.2,133.52 1 1
github.com/campfire-net/ready/pkg/conventionserver/inbox_watcher.go:133.52,135.3 1 1
github.com/campfire-net/ready/pkg/conventionserver/inbox_watcher.go:137.2,138.16 2 1
github.com/campfire-net/ready/pkg/conventionserver/inbox_watcher.go:138.16,140.3 1 0
github.com/campfire-net/ready/pkg/conventionserver/inbox_watcher.go:142.2,147.16 2 1
github.com/campfire-net/ready/pkg/conventionserver/inbox_watcher.go:147.16,149.3 1 0
github.com/campfire-net/ready/pkg/conventionserver/inbox_watcher.go:151.2,151.12 1 1
github.com/campfire-net/ready/pkg/conventionserver/inbox_watcher.go:155.34,156.20 1 1
github.com/campfire-net/ready/pkg/conventionserver/inbox_watcher.go:156.20,158.3 1 1
github.com/campfire-net/ready/pkg/conventionserver/inbox_watcher.go:159.2,159.25 1 1
github.com/campfire-net/ready/pkg/conventionserver/inbox_watcher.go:174.51,181.2 1 1
github.com/campfire-net/ready/pkg/conventionserver/inbox_watcher.go:186.53,196.29 7 1
github.com/campfire-net/ready/pkg/conventionserver/inbox_watcher.go:196.29,197.22 1 1
github.com/campfire-net/ready/pkg/conventionserver/inbox_watcher.go:197.22,199.4 1 1
github.com/campfire-net/ready/pkg/conventionserver/inbox_watcher.go:202.2,202.21 1 1
github.com/campfire-net/ready/pkg/conventionserver/inbox_watcher.go:202.21,204.3 1 1
github.com/campfire-net/ready/pkg/conventionserver/inbox_watcher.go:204.8,206.3 1 1
github.com/campfire-net/ready/pkg/conventionserver/inbox_watcher.go:208.2,208.25 1 1
github.com/campfire-net/ready/pkg/conventionserver/inbox_watcher.go:208.25,210.3 1 1
github.com/campfire-net/ready/pkg/conventionserver/inbox_watcher.go:212.2,213.13 2 1
github.com/campfire-net/ready/pkg/conventionserver/inbox_watcher.go:217.33,218.22 1 1
github.com/campfire-net/ready/pkg/conventionserver/inbox_watcher.go:218.22,219.58 1 1
github.com/campfire-net/ready/pkg/conventionserver/inbox_watcher.go:219.58,221.4 1 1
github.com/campfire-net/ready/pkg/conventionserver/inbox_watcher.go:223.2,223.13 1 1
github.com/campfire-net/ready/pkg/conventionserver/server.go:108.53,109.25 1 1
github.com/campfire-net/ready/pkg/conventionserver/server.go:109.25,109.47 1 1
github.com/campfire-net/ready/pkg/conventionserver/server.go:113.96,114.25 1 1
github.com/campfire-net/ready/pkg/conventionserver/server.go:114.25,114.53 1 1
github.com/campfire-net/ready/pkg/conventionserver/server.go:120.52,121.25 1 1
github.com/campfire-net/ready/pkg/conventionserver/server.go:121.25,121.53 1 1
github.com/campfire-net/ready/pkg/conventionserver/server.go:127.50,128.25 1 1
github.com/campfire-net/ready/pkg/conventionserver/server.go:128.25,128.51 1 1
github.com/campfire-net/ready/pkg/conventionserver/server.go:133.44,134.25 1 0
github.com/campfire-net/ready/pkg/conventionserver/server.go:134.25,134.48 1 0
github.com/campfire-net/ready/pkg/conventionserver/server.go:140.93,142.16 2 1
github.com/campfire-net/ready/pkg/conventionserver/server.go:142.16,144.3 1 0
github.com/campfire-net/ready/pkg/conventionserver/server.go:146.2,156.27 2 1
github.com/campfire-net/ready/pkg/conventionserver/server.go:156.27,158.3 1 1
github.com/campfire-net/ready/pkg/conventionserver/server.go:159.2,159.15 1 1
github.com/campfire-net/ready/pkg/conventionserver/server.go:163.37,165.2 1 1
github.com/campfire-net/ready/pkg/conventionserver/server.go:174.51,176.51 1 1
github.com/campfire-net/ready/pkg/conventionserver/server.go:176.51,179.3 1 0
github.com/campfire-net/ready/pkg/conventionserver/server.go:181.2,181.35 1 1
github.com/campfire-net/ready/pkg/conventionserver/server.go:181.35,184.13 3 1
github.com/campfire-net/ready/pkg/conventionserver/server.go:184.13,186.72 2 1
[...]
github.com/campfire-net/ready/cmd/rd/send.go:358.106,361.3 1 0
github.com/campfire-net/ready/cmd/rd/send.go:363.2,363.12 1 1
github.com/campfire-net/ready/cmd/rd/send.go:369.117,371.14 2 1
github.com/campfire-net/ready/cmd/rd/send.go:371.14,373.3 1 1
github.com/campfire-net/ready/cmd/rd/send.go:374.2,385.38 3 1
github.com/campfire-net/ready/cmd/rd/send.go:385.38,387.3 1 0
github.com/campfire-net/ready/cmd/rd/send.go:388.2,388.12 1 1
github.com/campfire-net/ready/cmd/rd/send.go:392.53,393.25 1 1
github.com/campfire-net/ready/cmd/rd/send.go:393.25,394.85 1 1
github.com/campfire-net/ready/cmd/rd/send.go:394.85,396.4 1 1
github.com/campfire-net/ready/cmd/rd/send.go:398.2,398.11 1 1
github.com/campfire-net/ready/cmd/rd/send.go:403.68,405.16 2 1
github.com/campfire-net/ready/cmd/rd/send.go:405.16,407.3 1 0
github.com/campfire-net/ready/cmd/rd/send.go:408.2,408.6 1 1
github.com/campfire-net/ready/cmd/rd/send.go:408.6,411.59 2 1
github.com/campfire-net/ready/cmd/rd/send.go:411.59,413.102 2 1
github.com/campfire-net/ready/cmd/rd/send.go:413.102,416.120 2 1
github.com/campfire-net/ready/cmd/rd/send.go:416.120,418.6 1 1
github.com/campfire-net/ready/cmd/rd/send.go:419.5,419.33 1 1
github.com/campfire-net/ready/cmd/rd/send.go:424.3,426.17 3 1
github.com/campfire-net/ready/cmd/rd/send.go:426.17,428.21 2 1
github.com/campfire-net/ready/cmd/rd/send.go:428.21,430.5 1 1
github.com/campfire-net/ready/cmd/rd/send.go:433.3,434.20 2 1
github.com/campfire-net/ready/cmd/rd/send.go:434.20,435.9 1 1
github.com/campfire-net/ready/cmd/rd/send.go:437.3,437.15 1 1
github.com/campfire-net/ready/cmd/rd/send.go:439.2,439.22 1 1
github.com/campfire-net/ready/cmd/rd/send.go:445.54,446.37 1 1
github.com/campfire-net/ready/cmd/rd/send.go:446.37,448.3 1 1
github.com/campfire-net/ready/cmd/rd/send.go:451.2,452.16 2 1
github.com/campfire-net/ready/cmd/rd/send.go:452.16,454.3 1 0
github.com/campfire-net/ready/cmd/rd/send.go:457.2,457.6 1 1
github.com/campfire-net/ready/cmd/rd/send.go:457.6,459.59 2 1
github.com/campfire-net/ready/cmd/rd/send.go:459.59,462.100 2 1
github.com/campfire-net/ready/cmd/rd/send.go:462.100,464.5 1 1
github.com/campfire-net/ready/cmd/rd/send.go:467.3,468.20 2 1
github.com/campfire-net/ready/cmd/rd/send.go:468.20,469.9 1 1
github.com/campfire-net/ready/cmd/rd/send.go:471.3,471.15 1 1
github.com/campfire-net/ready/cmd/rd/send.go:474.2,474.14 1 1
github.com/campfire-net/ready/cmd/rd/send.go:478.27,479.11 1 1
github.com/campfire-net/ready/cmd/rd/send.go:479.11,481.3 1 1
github.com/campfire-net/ready/cmd/rd/send.go:482.2,482.10 1 0
github.com/campfire-net/ready/cmd/rd/show.go:23.54,27.17 3 1
github.com/campfire-net/ready/cmd/rd/show.go:27.17,29.4 1 0
github.com/campfire-net/ready/cmd/rd/show.go:30.3,33.17 3 1
github.com/campfire-net/ready/cmd/rd/show.go:33.17,36.4 2 0
github.com/campfire-net/ready/cmd/rd/show.go:39.3,42.17 3 1
github.com/campfire-net/ready/cmd/rd/show.go:42.17,52.33 3 0
github.com/campfire-net/ready/cmd/rd/show.go:52.33,58.23 2 0
github.com/campfire-net/ready/cmd/rd/show.go:58.23,60.6 1 0
github.com/campfire-net/ready/cmd/rd/show.go:61.5,61.25 1 0
github.com/campfire-net/ready/cmd/rd/show.go:61.25,63.6 1 0
github.com/campfire-net/ready/cmd/rd/show.go:64.5,64.45 1 0
github.com/campfire-net/ready/cmd/rd/show.go:67.4,71.19 4 0
github.com/campfire-net/ready/cmd/rd/show.go:71.19,73.5 1 0
github.com/campfire-net/ready/cmd/rd/show.go:74.4,75.63 2 0
github.com/campfire-net/ready/cmd/rd/show.go:75.63,77.5 1 0
github.com/campfire-net/ready/cmd/rd/show.go:78.4,78.29 1 0
github.com/campfire-net/ready/cmd/rd/show.go:78.29,80.5 1 0
github.com/campfire-net/ready/cmd/rd/show.go:81.4,81.30 1 0
github.com/campfire-net/ready/cmd/rd/show.go:85.3,91.20 7 1
github.com/campfire-net/ready/cmd/rd/show.go:91.20,93.4 1 0
github.com/campfire-net/ready/cmd/rd/show.go:94.3,94.25 1 1
github.com/campfire-net/ready/cmd/rd/show.go:94.25,96.4 1 0
github.com/campfire-net/ready/cmd/rd/show.go:97.3,97.23 1 1
github.com/campfire-net/ready/cmd/rd/show.go:97.23,99.4 1 0
github.com/campfire-net/ready/cmd/rd/show.go:100.3,100.21 1 1
github.com/campfire-net/ready/cmd/rd/show.go:100.21,102.4 1 1
github.com/campfire-net/ready/cmd/rd/show.go:103.3,103.21 1 1
github.com/campfire-net/ready/cmd/rd/show.go:103.21,105.4 1 0
github.com/campfire-net/ready/cmd/rd/show.go:106.3,106.26 1 1
github.com/campfire-net/ready/cmd/rd/show.go:106.26,108.4 1 0
github.com/campfire-net/ready/cmd/rd/show.go:109.3,109.30 1 1
github.com/campfire-net/ready/cmd/rd/show.go:109.30,111.4 1 0
github.com/campfire-net/ready/cmd/rd/show.go:112.3,112.27 1 1
github.com/campfire-net/ready/cmd/rd/show.go:112.27,114.4 1 0
github.com/campfire-net/ready/cmd/rd/show.go:115.3,115.27 1 1
github.com/campfire-net/ready/cmd/rd/show.go:115.27,117.4 1 0
github.com/campfire-net/ready/cmd/rd/show.go:119.3,119.32 1 1
github.com/campfire-net/ready/cmd/rd/show.go:119.32,120.22 1 0
github.com/campfire-net/ready/cmd/rd/show.go:120.22,122.5 1 0
github.com/campfire-net/ready/cmd/rd/show.go:122.10,124.5 1 0
github.com/campfire-net/ready/cmd/rd/show.go:126.3,126.25 1 1
github.com/campfire-net/ready/cmd/rd/show.go:126.25,128.4 1 0
github.com/campfire-net/ready/cmd/rd/show.go:129.3,129.28 1 1
github.com/campfire-net/ready/cmd/rd/show.go:129.28,131.35 2 1
github.com/campfire-net/ready/cmd/rd/show.go:131.35,135.21 4 1
github.com/campfire-net/ready/cmd/rd/show.go:135.21,137.6 1 1
github.com/campfire-net/ready/cmd/rd/show.go:138.5,138.88 1 1
github.com/campfire-net/ready/cmd/rd/show.go:141.3,143.13 3 1
github.com/campfire-net/ready/cmd/rd/show.go:147.13,149.2 1 1
github.com/campfire-net/ready/cmd/rd/sync.go:45.54,47.10 2 0
github.com/campfire-net/ready/cmd/rd/sync.go:47.10,49.4 1 0
github.com/campfire-net/ready/cmd/rd/sync.go:51.3,52.17 2 0
github.com/campfire-net/ready/cmd/rd/sync.go:52.17,54.4 1 0
github.com/campfire-net/ready/cmd/rd/sync.go:56.3,58.17 2 0
github.com/campfire-net/ready/cmd/rd/sync.go:58.17,65.24 2 0
github.com/campfire-net/ready/cmd/rd/sync.go:65.24,67.5 1 0
github.com/campfire-net/ready/cmd/rd/sync.go:67.10,69.5 1 0
github.com/campfire-net/ready/cmd/rd/sync.go:70.4,72.26 3 0
github.com/campfire-net/ready/cmd/rd/sync.go:76.3,76.19 1 0
github.com/campfire-net/ready/cmd/rd/sync.go:76.19,81.4 4 0
github.com/campfire-net/ready/cmd/rd/sync.go:83.3,83.30 1 0
github.com/campfire-net/ready/cmd/rd/sync.go:83.30,85.4 1 0
github.com/campfire-net/ready/cmd/rd/sync.go:85.9,87.4 1 0
github.com/campfire-net/ready/cmd/rd/sync.go:89.3,89.23 1 0
github.com/campfire-net/ready/cmd/rd/sync.go:89.23,91.36 2 0
github.com/campfire-net/ready/cmd/rd/sync.go:91.36,93.27 2 0
github.com/campfire-net/ready/cmd/rd/sync.go:93.27,95.6 1 0
github.com/campfire-net/ready/cmd/rd/sync.go:96.5,96.48 1 0
github.com/campfire-net/ready/cmd/rd/sync.go:98.9,100.4 1 0
github.com/campfire-net/ready/cmd/rd/sync.go:102.3,102.30 1 0
github.com/campfire-net/ready/cmd/rd/sync.go:102.30,105.4 2 0
github.com/campfire-net/ready/cmd/rd/sync.go:107.3,107.13 1 0
github.com/campfire-net/ready/cmd/rd/sync.go:123.54,125.10 2 0
github.com/campfire-net/ready/cmd/rd/sync.go:125.10,127.4 1 0
github.com/campfire-net/ready/cmd/rd/sync.go:129.3,130.39 2 0
github.com/campfire-net/ready/cmd/rd/sync.go:130.39,131.18 1 0
github.com/campfire-net/ready/cmd/rd/sync.go:131.18,141.5 4 0
github.com/campfire-net/ready/cmd/rd/sync.go:142.4,144.14 3 0
github.com/campfire-net/ready/cmd/rd/sync.go:147.3,148.17 2 0
github.com/campfire-net/ready/cmd/rd/sync.go:148.17,150.4 1 0
github.com/campfire-net/ready/cmd/rd/sync.go:151.3,156.17 4 0
github.com/campfire-net/ready/cmd/rd/sync.go:156.17,158.4 1 0
github.com/campfire-net/ready/cmd/rd/sync.go:160.3,160.17 1 0
github.com/campfire-net/ready/cmd/rd/sync.go:160.17,167.31 2 0
github.com/campfire-net/ready/cmd/rd/sync.go:167.31,169.5 1 0
github.com/campfire-net/ready/cmd/rd/sync.go:170.4,172.26 3 0
github.com/campfire-net/ready/cmd/rd/sync.go:176.3,176.30 1 0
github.com/campfire-net/ready/cmd/rd/sync.go:176.30,178.4 1 0
github.com/campfire-net/ready/cmd/rd/sync.go:180.3,180.48 1 0
github.com/campfire-net/ready/cmd/rd/sync.go:180.48,183.4 2 0
github.com/campfire-net/ready/cmd/rd/sync.go:185.3,186.25 2 0
github.com/campfire-net/ready/cmd/rd/sync.go:186.25,188.4 1 0
github.com/campfire-net/ready/cmd/rd/sync.go:189.3,190.13 2 0
github.com/campfire-net/ready/cmd/rd/sync.go:194.13,198.2 3 1
github.com/campfire-net/ready/cmd/rd/update.go:29.54,31.65 1 0
github.com/campfire-net/ready/cmd/rd/update.go:31.65,33.4 1 0
github.com/campfire-net/ready/cmd/rd/update.go:35.3,49.30 13 0
github.com/campfire-net/ready/cmd/rd/update.go:49.30,51.4 1 0
github.com/campfire-net/ready/cmd/rd/update.go:54.3,54.40 1 0
github.com/campfire-net/ready/cmd/rd/update.go:54.40,56.4 1 0
github.com/campfire-net/ready/cmd/rd/update.go:59.3,63.52 3 0
github.com/campfire-net/ready/cmd/rd/update.go:63.52,65.4 1 0
github.com/campfire-net/ready/cmd/rd/update.go:68.3,68.21 1 0
github.com/campfire-net/ready/cmd/rd/update.go:68.21,69.67 1 0
github.com/campfire-net/ready/cmd/rd/update.go:69.67,72.5 2 0
github.com/campfire-net/ready/cmd/rd/update.go:76.3,76.16 1 0
github.com/campfire-net/ready/cmd/rd/update.go:76.16,78.18 2 0
github.com/campfire-net/ready/cmd/rd/update.go:78.18,80.5 1 0
github.com/campfire-net/ready/cmd/rd/update.go:81.4,81.20 1 0
github.com/campfire-net/ready/cmd/rd/update.go:83.3,83.16 1 0
github.com/campfire-net/ready/cmd/rd/update.go:83.16,85.18 2 0
github.com/campfire-net/ready/cmd/rd/update.go:85.18,87.5 1 0
github.com/campfire-net/ready/cmd/rd/update.go:88.4,88.20 1 0
github.com/campfire-net/ready/cmd/rd/update.go:91.3,92.17 2 0
github.com/campfire-net/ready/cmd/rd/update.go:92.17,94.4 1 0
github.com/campfire-net/ready/cmd/rd/update.go:95.3,99.17 3 0
github.com/campfire-net/ready/cmd/rd/update.go:99.17,101.4 1 0
github.com/campfire-net/ready/cmd/rd/update.go:104.3,104.47 1 0
github.com/campfire-net/ready/cmd/rd/update.go:104.47,106.4 1 0
github.com/campfire-net/ready/cmd/rd/update.go:108.3,109.17 2 0
github.com/campfire-net/ready/cmd/rd/update.go:109.17,111.4 1 0
github.com/campfire-net/ready/cmd/rd/update.go:113.3,117.21 3 0
github.com/campfire-net/ready/cmd/rd/update.go:117.21,119.18 2 0
github.com/campfire-net/ready/cmd/rd/update.go:119.18,121.5 1 0
github.com/campfire-net/ready/cmd/rd/update.go:123.4,126.19 2 0
github.com/campfire-net/ready/cmd/rd/update.go:126.19,128.5 1 0
github.com/campfire-net/ready/cmd/rd/update.go:129.4,129.21 1 0
github.com/campfire-net/ready/cmd/rd/update.go:129.21,131.5 1 0
github.com/campfire-net/ready/cmd/rd/update.go:132.4,132.22 1 0
github.com/campfire-net/ready/cmd/rd/update.go:132.22,134.5 1 0
github.com/campfire-net/ready/cmd/rd/update.go:135.4,135.17 1 0
github.com/campfire-net/ready/cmd/rd/update.go:135.17,137.5 1 0
github.com/campfire-net/ready/cmd/rd/update.go:138.4,138.17 1 0
github.com/campfire-net/ready/cmd/rd/update.go:138.17,140.5 1 0
github.com/campfire-net/ready/cmd/rd/update.go:141.4,141.19 1 0
github.com/campfire-net/ready/cmd/rd/update.go:141.19,143.5 1 0
github.com/campfire-net/ready/cmd/rd/update.go:145.4,146.18 2 0
github.com/campfire-net/ready/cmd/rd/update.go:146.18,148.5 1 0
github.com/campfire-net/ready/cmd/rd/update.go:149.4,150.31 2 0
github.com/campfire-net/ready/cmd/rd/update.go:154.3,154.22 1 0
github.com/campfire-net/ready/cmd/rd/update.go:154.22,156.18 2 0
github.com/campfire-net/ready/cmd/rd/update.go:156.18,158.5 1 0
github.com/campfire-net/ready/cmd/rd/update.go:160.4,164.18 2 0
github.com/campfire-net/ready/cmd/rd/update.go:164.18,166.5 1 0
github.com/campfire-net/ready/cmd/rd/update.go:167.4,167.23 1 0
github.com/campfire-net/ready/cmd/rd/update.go:167.23,169.5 1 0
github.com/campfire-net/ready/cmd/rd/update.go:170.4,170.25 1 0
github.com/campfire-net/ready/cmd/rd/update.go:170.25,172.5 1 0
github.com/campfire-net/ready/cmd/rd/update.go:174.4,175.18 2 0
github.com/campfire-net/ready/cmd/rd/update.go:175.18,177.5 1 0
github.com/campfire-net/ready/cmd/rd/update.go:178.4,179.31 2 0
github.com/campfire-net/ready/cmd/rd/update.go:183.3,183.12 1 0
github.com/campfire-net/ready/cmd/rd/update.go:183.12,185.18 2 0
github.com/campfire-net/ready/cmd/rd/update.go:185.18,187.5 1 0
github.com/campfire-net/ready/cmd/rd/update.go:189.4,194.18 3 0
github.com/campfire-net/ready/cmd/rd/update.go:194.18,196.5 1 0
github.com/campfire-net/ready/cmd/rd/update.go:197.4,198.31 2 0
github.com/campfire-net/ready/cmd/rd/update.go:201.3,201.17 1 0
github.com/campfire-net/ready/cmd/rd/update.go:201.17,210.4 4 0
github.com/campfire-net/ready/cmd/rd/update.go:212.3,213.13 2 0
github.com/campfire-net/ready/cmd/rd/update.go:217.13,232.2 14 1
github.com/campfire-net/ready/cmd/rd/work.go:16.54,21.17 4 0
github.com/campfire-net/ready/cmd/rd/work.go:21.17,23.4 1 0
github.com/campfire-net/ready/cmd/rd/work.go:24.3,27.17 3 0
github.com/campfire-net/ready/cmd/rd/work.go:27.17,29.4 1 0
github.com/campfire-net/ready/cmd/rd/work.go:31.3,32.22 2 0
github.com/campfire-net/ready/cmd/rd/work.go:32.22,34.4 1 0
github.com/campfire-net/ready/cmd/rd/work.go:34.9,36.4 1 0
github.com/campfire-net/ready/cmd/rd/work.go:37.3,42.17 4 0
github.com/campfire-net/ready/cmd/rd/work.go:42.17,44.4 1 0
github.com/campfire-net/ready/cmd/rd/work.go:46.3,46.22 1 0
github.com/campfire-net/ready/cmd/rd/work.go:46.22,49.4 2 0
github.com/campfire-net/ready/cmd/rd/work.go:51.3,52.13 2 0
github.com/campfire-net/ready/cmd/rd/work.go:56.13,60.2 3 1
github.com/campfire-net/ready/pkg/storetest/helpers.go:30.22,32.2 1 1
github.com/campfire-net/ready/pkg/storetest/helpers.go:39.28,42.2 2 1
github.com/campfire-net/ready/pkg/storetest/helpers.go:54.33,58.16 4 1
github.com/campfire-net/ready/pkg/storetest/helpers.go:58.16,60.3 1 0
github.com/campfire-net/ready/pkg/storetest/helpers.go:61.2,61.19 1 1
github.com/campfire-net/ready/pkg/storetest/helpers.go:61.19,61.32 1 1
github.com/campfire-net/ready/pkg/storetest/helpers.go:63.2,70.10 3 1
github.com/campfire-net/ready/pkg/storetest/helpers.go:75.54,82.2 1 1
github.com/campfire-net/ready/pkg/storetest/helpers.go:85.35,93.17 2 1
github.com/campfire-net/ready/pkg/storetest/helpers.go:93.17,96.3 1 0
github.com/campfire-net/ready/pkg/storetest/helpers.go:100.92,104.16 4 1
github.com/campfire-net/ready/pkg/storetest/helpers.go:104.16,106.3 1 0
github.com/campfire-net/ready/pkg/storetest/helpers.go:107.2,119.16 3 1
github.com/campfire-net/ready/pkg/storetest/helpers.go:119.16,121.3 1 0
github.com/campfire-net/ready/pkg/storetest/helpers.go:122.2,122.14 1 1
github.com/campfire-net/ready/pkg/storetest/helpers.go:145.40,146.31 1 1
github.com/campfire-net/ready/pkg/storetest/helpers.go:146.31,146.50 1 1
github.com/campfire-net/ready/pkg/storetest/helpers.go:150.35,151.31 1 1
github.com/campfire-net/ready/pkg/storetest/helpers.go:151.31,151.49 1 1
github.com/campfire-net/ready/pkg/storetest/helpers.go:155.36,156.31 1 1
github.com/campfire-net/ready/pkg/storetest/helpers.go:156.31,156.46 1 1
github.com/campfire-net/ready/pkg/storetest/helpers.go:160.38,161.31 1 1
github.com/campfire-net/ready/pkg/storetest/helpers.go:161.31,161.48 1 1
github.com/campfire-net/ready/pkg/storetest/helpers.go:165.34,166.31 1 1
github.com/campfire-net/ready/pkg/storetest/helpers.go:166.31,166.49 1 1
github.com/campfire-net/ready/pkg/storetest/helpers.go:170.33,171.31 1 1
github.com/campfire-net/ready/pkg/storetest/helpers.go:171.31,171.43 1 1
github.com/campfire-net/ready/pkg/storetest/helpers.go:175.41,176.31 1 1
github.com/campfire-net/ready/pkg/storetest/helpers.go:176.31,176.51 1 1
github.com/campfire-net/ready/pkg/storetest/helpers.go:180.36,181.31 1 1
github.com/campfire-net/ready/pkg/storetest/helpers.go:181.31,181.46 1 1
github.com/campfire-net/ready/pkg/storetest/helpers.go:185.36,186.31 1 1
github.com/campfire-net/ready/pkg/storetest/helpers.go:186.31,186.46 1 1
github.com/campfire-net/ready/pkg/storetest/helpers.go:203.37,204.31 1 1
github.com/campfire-net/ready/pkg/storetest/helpers.go:204.31,204.47 1 1
github.com/campfire-net/ready/pkg/storetest/helpers.go:208.40,209.31 1 1
github.com/campfire-net/ready/pkg/storetest/helpers.go:209.31,209.50 1 1
github.com/campfire-net/ready/pkg/storetest/helpers.go:213.43,214.31 1 1
github.com/campfire-net/ready/pkg/storetest/helpers.go:214.31,214.53 1 1
github.com/campfire-net/ready/pkg/storetest/helpers.go:223.80,229.25 3 1
github.com/campfire-net/ready/pkg/storetest/helpers.go:229.25,231.3 1 1
github.com/campfire-net/ready/pkg/storetest/helpers.go:232.2,239.23 2 1
github.com/campfire-net/ready/pkg/storetest/helpers.go:239.23,241.3 1 1
github.com/campfire-net/ready/pkg/storetest/helpers.go:242.2,242.21 1 1
github.com/campfire-net/ready/pkg/storetest/helpers.go:242.21,244.3 1 1
github.com/campfire-net/ready/pkg/storetest/helpers.go:245.2,245.23 1 1
github.com/campfire-net/ready/pkg/storetest/helpers.go:245.23,247.3 1 1
github.com/campfire-net/ready/pkg/storetest/helpers.go:248.2,248.18 1 1
github.com/campfire-net/ready/pkg/storetest/helpers.go:248.18,250.3 1 1
github.com/campfire-net/ready/pkg/storetest/helpers.go:251.2,251.24 1 1
github.com/campfire-net/ready/pkg/storetest/helpers.go:251.24,253.3 1 1
github.com/campfire-net/ready/pkg/storetest/helpers.go:254.2,254.19 1 1
github.com/campfire-net/ready/pkg/storetest/helpers.go:254.19,256.3 1 1
github.com/campfire-net/ready/pkg/storetest/helpers.go:257.2,257.19 1 1
github.com/campfire-net/ready/pkg/storetest/helpers.go:257.19,259.3 1 1
github.com/campfire-net/ready/pkg/storetest/helpers.go:260.2,260.50 1 1
github.com/campfire-net/ready/pkg/storetest/helpers.go:265.52,271.2 3 1
github.com/campfire-net/ready/pkg/storetest/helpers.go:274.86,277.25 3 1
github.com/campfire-net/ready/pkg/storetest/helpers.go:277.25,279.3 1 1
github.com/campfire-net/ready/pkg/storetest/helpers.go:280.2,284.22 2 1
github.com/campfire-net/ready/pkg/storetest/helpers.go:284.22,286.3 1 1
github.com/campfire-net/ready/pkg/storetest/helpers.go:287.2,287.25 1 1
github.com/campfire-net/ready/pkg/storetest/helpers.go:287.25,289.3 1 1
github.com/campfire-net/ready/pkg/storetest/helpers.go:290.2,290.27 1 1
github.com/campfire-net/ready/pkg/storetest/helpers.go:290.27,292.3 1 1
github.com/campfire-net/ready/pkg/storetest/helpers.go:293.2,293.68 1 1
github.com/campfire-net/ready/pkg/storetest/helpers.go:297.72,305.2 3 1
github.com/campfire-net/ready/pkg/storetest/helpers.go:310.85,315.27 3 1
github.com/campfire-net/ready/pkg/storetest/helpers.go:315.27,317.3 1 1
github.com/campfire-net/ready/pkg/storetest/helpers.go:318.2,318.68 1 1
github.com/campfire-net/ready/pkg/storetest/helpers.go:323.85,332.2 3 1
github.com/campfire-net/ready/pkg/storetest/helpers.go:335.53,341.2 3 1
github.com/campfire-net/ready/pkg/storetest/helpers.go:345.74,353.2 3 1
github.com/campfire-net/ready/pkg/storetest/helpers.go:356.68,363.2 3 1
github.com/campfire-net/ready/pkg/storetest/helpers.go:366.64,374.2 3 1
github.com/campfire-net/ready/pkg/storetest/helpers.go:381.51,384.16 3 1
github.com/campfire-net/ready/pkg/storetest/helpers.go:384.16,386.3 1 0
github.com/campfire-net/ready/pkg/storetest/helpers.go:387.2,387.14 1 1
github.com/campfire-net/ready/pkg/storetest/helpers.go:391.47,393.2 1 1
github.com/campfire-net/ready/pkg/storetest/helpers.go:396.51,399.17 3 1
github.com/campfire-net/ready/pkg/storetest/helpers.go:399.17,401.3 1 0
github.com/campfire-net/ready/pkg/storetest/helpers.go:402.2,402.13 1 1
github.com/campfire-net/ready/pkg/storetest/helpers.go:406.41,411.31 5 1
github.com/campfire-net/ready/pkg/storetest/helpers.go:411.31,412.14 1 1
github.com/campfire-net/ready/pkg/storetest/helpers.go:412.14,414.4 1 1
github.com/campfire-net/ready/pkg/storetest/helpers.go:416.2,416.15 1 1
github.com/campfire-net/ready/pkg/storetest/helpers.go:421.70,424.14 3 1
github.com/campfire-net/ready/pkg/storetest/helpers.go:424.14,426.3 1 0
github.com/campfire-net/ready/pkg/storetest/helpers.go:427.2,429.31 3 1
github.com/campfire-net/ready/pkg/storetest/helpers.go:429.31,430.14 1 1
github.com/campfire-net/ready/pkg/storetest/helpers.go:430.14,432.4 1 1
github.com/campfire-net/ready/pkg/storetest/helpers.go:434.2,434.15 1 1
